ComputerName=Win10.nebula.local
User=NOT_TRANSLATED
Sid=S-1-5-18
SidType=0
TaskCategory=Registry object added or deleted (rule: RegistryEvent)
OpCode=Info
RecordNumber=313926
Keywords=None
Message=Registry object added or deleted:
RuleName: technique_id=T1130,technique_name=Install Root Certificate
EventType: CreateKey
UtcTime: 2019-07-01 12:25:55.660
ProcessGuid: {27E0225F-FBD0-5D19-0000-00104B2C0500}
ProcessId: 4920
Image: C:\Program Files\McAfee\Agent\x86\mfemactl.exe
TargetObject: HKLM\SOFTWARE\Microsoft\EnterpriseCertificates\Root\Certificates","2019-07-01T14:26:14.000+0200",,Win10,main,22,"//_::_\r=--/\r=--\r=\r=\r=\r=..\r=\r=---\r=\r=_____(:_)\r=\r=\r","WinEventLog:Microsoft-Windows-Sysmon/Operational","WinEventLog:Microsoft-Windows-Sysmon/Operational","WIN-RCSL2HMR26K",,,
"Win10.nebula.local",12,"4
CreateKey","C:\Program Files\McAfee\Agent\x86\mfemactl.exe",None,"Microsoft-Windows-Sysmon/Operational","Registry object added or deleted:
RuleName: technique_id=T1130,technique_name=Install Root Certificate
EventType: CreateKey
UtcTime: 2019-07-01 12:25:55.660
ProcessGuid: {27E0225F-FBD0-5D19-0000-00104B2C0500}
ProcessId: 4920
Image: C:\Program Files\McAfee\Agent\x86\mfemactl.exe
TargetObject: HKLM\SOFTWARE\Policies\Microsoft\SystemCertificates\Root\Certificates",Info,"{27E0225F-FBD0-5D19-0000-00104B2C0500}",4920,313925,"technique_id=T1130,technique_name=Install Root Certificate","S-1-5-18",0,"Microsoft-Windows-Sysmon","HKLM\SOFTWARE\Policies\Microsoft\SystemCertificates\Root\Certificates","Registry object added or deleted (rule: RegistryEvent)",Information,"NOT_TRANSLATED","2019-07-01 12:25:55.660","07/01/2019 02:26:14 PM
LogName=Microsoft-Windows-Sysmon/Operational
SourceName=Microsoft-Windows-Sysmon
EventCode=12
EventType=4
Type=Information
ComputerName=Win10.nebula.local
User=NOT_TRANSLATED
Sid=S-1-5-18
SidType=0
TaskCategory=Registry object added or deleted (rule: RegistryEvent)
OpCode=Info
RecordNumber=313925
Keywords=None
Message=Registry object added or deleted:
RuleName: technique_id=T1130,technique_name=Install Root Certificate
EventType: CreateKey
UtcTime: 2019-07-01 12:25:55.660
ProcessGuid: {27E0225F-FBD0-5D19-0000-00104B2C0500}
ProcessId: 4920
Image: C:\Program Files\McAfee\Agent\x86\mfemactl.exe
TargetObject: HKLM\SOFTWARE\Policies\Microsoft\SystemCertificates\Root\Certificates","2019-07-01T14:26:14.000+0200",,Win10,main,22,"//_::_\r=--/\r=--\r=\r=\r=\r=..\r=\r=---\r=\r=_____(:_)\r=\r=\r","WinEventLog:Microsoft-Windows-Sysmon/Operational","WinEventLog:Microsoft-Windows-Sysmon/Operational","WIN-RCSL2HMR26K",,,
"Win10.nebula.local",12,"4
CreateKey","C:\Program Files\McAfee\Agent\x86\mfemactl.exe",None,"Microsoft-Windows-Sysmon/Operational","Registry object added or deleted:
RuleName: technique_id=T1130,technique_name=Install Root Certificate
EventType: CreateKey
UtcTime: 2019-07-01 12:25:55.660
ProcessGuid: {27E0225F-FBD0-5D19-0000-00104B2C0500}
ProcessId: 4920
Image: C:\Program Files\McAfee\Agent\x86\mfemactl.exe
TargetObject: HKLM\SOFTWARE\Microsoft\SystemCertificates\ROOT\Certificates",Info,"{27E0225F-FBD0-5D19-0000-00104B2C0500}",4920,313924,"technique_id=T1130,technique_name=Install Root Certificate","S-1-5-18",0,"Microsoft-Windows-Sysmon","HKLM\SOFTWARE\Microsoft\SystemCertificates\ROOT\Certificates","Registry object added or deleted (rule: RegistryEvent)",Information,"NOT_TRANSLATED","2019-07-01 12:25:55.660","07/01/2019 02:26:14 PM
LogName=Microsoft-Windows-Sysmon/Operational
SourceName=Microsoft-Windows-Sysmon
EventCode=12
EventType=4
Type=Information
ComputerName=Win10.nebula.local
User=NOT_TRANSLATED
Sid=S-1-5-18
SidType=0
TaskCategory=Registry object added or deleted (rule: RegistryEvent)
OpCode=Info
RecordNumber=313924
Keywords=None
Message=Registry object added or deleted:
RuleName: technique_id=T1130,technique_name=Install Root Certificate
EventType: CreateKey
UtcTime: 2019-07-01 12:25:55.660
ProcessGuid: {27E0225F-FBD0-5D19-0000-00104B2C0500}
ProcessId: 4920
Image: C:\Program Files\McAfee\Agent\x86\mfemactl.exe
TargetObject: HKLM\SOFTWARE\Microsoft\SystemCertificates\ROOT\Certificates","2019-07-01T14:26:14.000+0200",,Win10,main,22,"//_::_\r=--/\r=--\r=\r=\r=\r=..\r=\r=---\r=\r=_____(:_)\r=\r=\r","WinEventLog:Microsoft-Windows-Sysmon/Operational","WinEventLog:Microsoft-Windows-Sysmon/Operational","WIN-RCSL2HMR26K",,,
"Win10.nebula.local",12,"4
CreateKey","C:\Program Files\McAfee\Agent\x86\mfemactl.exe",None,"Microsoft-Windows-Sysmon/Operational","Registry object added or deleted:
RuleName: technique_id=T1130,technique_name=Install Root Certificate
EventType: CreateKey
UtcTime: 2019-07-01 12:25:55.660
ProcessGuid: {27E0225F-FBD0-5D19-0000-00104B2C0500}
ProcessId: 4920
Image: C:\Program Files\McAfee\Agent\x86\mfemactl.exe
TargetObject: HKU\.DEFAULT\Software\Microsoft\SystemCertificates\Root\Certificates",Info,"{27E0225F-FBD0-5D19-0000-00104B2C0500}",4920,313923,"technique_id=T1130,technique_name=Install Root Certificate","S-1-5-18",0,"Microsoft-Windows-Sysmon","HKU\.DEFAULT\Software\Microsoft\SystemCertificates\Root\Certificates","Registry object added or deleted (rule: RegistryEvent)",Information,"NOT_TRANSLATED","2019-07-01 12:25:55.660","07/01/2019 02:26:14 PM
LogName=Microsoft-Windows-Sysmon/Operational
SourceName=Microsoft-Windows-Sysmon
EventCode=12
EventType=4
Type=Information
ComputerName=Win10.nebula.local
User=NOT_TRANSLATED
Sid=S-1-5-18
SidType=0
TaskCategory=Registry object added or deleted (rule: RegistryEvent)
OpCode=Info
RecordNumber=313923
Keywords=None
Message=Registry object added or deleted:
RuleName: technique_id=T1130,technique_name=Install Root Certificate
EventType: CreateKey
UtcTime: 2019-07-01 12:25:55.660
ProcessGuid: {27E0225F-FBD0-5D19-0000-00104B2C0500}
ProcessId: 4920
Image: C:\Program Files\McAfee\Agent\x86\mfemactl.exe
TargetObject: HKU\.DEFAULT\Software\Microsoft\SystemCertificates\Root\Certificates","2019-07-01T14:26:14.000+0200",,Win10,main,22,"//_::_\r=--/\r=--\r=\r=\r=\r=..\r=\r=---\r=\r=_____(:_)\r=\r=\r","WinEventLog:Microsoft-Windows-Sysmon/Operational","WinEventLog:Microsoft-Windows-Sysmon/Operational","WIN-RCSL2HMR26K",,,
"Win10.nebula.local",12,"4
CreateKey","C:\Program Files\McAfee\Agent\x86\macompatsvc.exe",None,"Microsoft-Windows-Sysmon/Operational","Registry object added or deleted:
RuleName: technique_id=T1130,technique_name=Install Root Certificate
EventType: CreateKey
UtcTime: 2019-07-01 12:25:48.723
ProcessGuid: {27E0225F-FBCC-5D19-0000-00109EF10400}
ProcessId: 4704
Image: C:\Program Files\McAfee\Agent\x86\macompatsvc.exe
TargetObject: HKLM\SOFTWARE\Microsoft\EnterpriseCertificates\Root\Certificates",Info,"{27E0225F-FBCC-5D19-0000-00109EF10400}",4704,313898,"technique_id=T1130,technique_name=Install Root Certificate","S-1-5-18",0,"Microsoft-Windows-Sysmon","HKLM\SOFTWARE\Microsoft\EnterpriseCertificates\Root\Certificates","Registry object added or deleted (rule: RegistryEvent)",Information,"NOT_TRANSLATED","2019-07-01 12:25:48.723","07/01/2019 02:26:12 PM
LogName=Microsoft-Windows-Sysmon/Operational
SourceName=Microsoft-Windows-Sysmon
EventCode=12
EventType=4
Type=Information
ComputerName=Win10.nebula.local
User=NOT_TRANSLATED
Sid=S-1-5-18
SidType=0
TaskCategory=Registry object added or deleted (rule: RegistryEvent)
OpCode=Info
RecordNumber=313898
Keywords=None
Message=Registry object added or deleted:
RuleName: technique_id=T1130,technique_name=Install Root Certificate
EventType: CreateKey
UtcTime: 2019-07-01 12:25:48.723
ProcessGuid: {27E0225F-FBCC-5D19-0000-00109EF10400}
ProcessId: 4704
Image: C:\Program Files\McAfee\Agent\x86\macompatsvc.exe
TargetObject: HKLM\SOFTWARE\Microsoft\EnterpriseCertificates\Root\Certificates","2019-07-01T14:26:12.000+0200",,Win10,main,22,"//_::_\r=--/\r=--\r=\r=\r=\r=..\r=\r=---\r=\r=_____(:_)\r=\r=\r","WinEventLog:Microsoft-Windows-Sysmon/Operational","WinEventLog:Microsoft-Windows-Sysmon/Operational","WIN-RCSL2HMR26K",,,
"Win10.nebula.local",12,"4
CreateKey","C:\Program Files\McAfee\Agent\x86\macompatsvc.exe",None,"Microsoft-Windows-Sysmon/Operational","Registry object added or deleted:
RuleName: technique_id=T1130,technique_name=Install Root Certificate
EventType: CreateKey
UtcTime: 2019-07-01 12:25:48.723
ProcessGuid: {27E0225F-FBCC-5D19-0000-00109EF10400}
ProcessId: 4704
Image: C:\Program Files\McAfee\Agent\x86\macompatsvc.exe
TargetObject: HKLM\SOFTWARE\Policies\Microsoft\SystemCertificates\Root\Certificates",Info,"{27E0225F-FBCC-5D19-0000-00109EF10400}",4704,313897,"technique_id=T1130,technique_name=Install Root Certificate","S-1-5-18",0,"Microsoft-Windows-Sysmon","HKLM\SOFTWARE\Policies\Microsoft\SystemCertificates\Root\Certificates","Registry object added or deleted (rule: RegistryEvent)",Information,"NOT_TRANSLATED","2019-07-01 12:25:48.723","07/01/2019 02:26:12 PM
LogName=Microsoft-Windows-Sysmon/Operational
SourceName=Microsoft-Windows-Sysmon
EventCode=12
EventType=4
Type=Information
ComputerName=Win10.nebula.local
User=NOT_TRANSLATED
Sid=S-1-5-18
SidType=0
TaskCategory=Registry object added or deleted (rule: RegistryEvent)
OpCode=Info
RecordNumber=313897
Keywords=None
Message=Registry object added or deleted:
RuleName: technique_id=T1130,technique_name=Install Root Certificate
EventType: CreateKey
UtcTime: 2019-07-01 12:25:48.723
ProcessGuid: {27E0225F-FBCC-5D19-0000-00109EF10400}
ProcessId: 4704
Image: C:\Program Files\McAfee\Agent\x86\macompatsvc.exe
TargetObject: HKLM\SOFTWARE\Policies\Microsoft\SystemCertificates\Root\Certificates","2019-07-01T14:26:12.000+0200",,Win10,main,22,"//_::_\r=--/\r=--\r=\r=\r=\r=..\r=\r=---\r=\r=_____(:_)\r=\r=\r","WinEventLog:Microsoft-Windows-Sysmon/Operational","WinEventLog:Microsoft-Windows-Sysmon/Operational","WIN-RCSL2HMR26K",,,
"Win10.nebula.local",12,"4
CreateKey","C:\Program Files\McAfee\Agent\x86\macompatsvc.exe",None,"Microsoft-Windows-Sysmon/Operational","Registry object added or deleted:
RuleName: technique_id=T1130,technique_name=Install Root Certificate
EventType: CreateKey
UtcTime: 2019-07-01 12:25:48.613
ProcessGuid: {27E0225F-FBCC-5D19-0000-00109EF10400}
ProcessId: 4704
Image: C:\Program Files\McAfee\Agent\x86\macompatsvc.exe
TargetObject: HKLM\SOFTWARE\Microsoft\SystemCertificates\ROOT\Certificates",Info,"{27E0225F-FBCC-5D19-0000-00109EF10400}",4704,313896,"technique_id=T1130,technique_name=Install Root Certificate","S-1-5-18",0,"Microsoft-Windows-Sysmon","HKLM\SOFTWARE\Microsoft\SystemCertificates\ROOT\Certificates","Registry object added or deleted (rule: RegistryEvent)",Information,"NOT_TRANSLATED","2019-07-01 12:25:48.613","07/01/2019 02:26:12 PM
LogName=Microsoft-Windows-Sysmon/Operational
SourceName=Microsoft-Windows-Sysmon
EventCode=12
EventType=4
Type=Information
ComputerName=Win10.nebula.local
User=NOT_TRANSLATED
Sid=S-1-5-18
SidType=0
TaskCategory=Registry object added or deleted (rule: RegistryEvent)
OpCode=Info
RecordNumber=313896
Keywords=None
Message=Registry object added or deleted:
RuleName: technique_id=T1130,technique_name=Install Root Certificate
EventType: CreateKey
UtcTime: 2019-07-01 12:25:48.613
ProcessGuid: {27E0225F-FBCC-5D19-0000-00109EF10400}
ProcessId: 4704
Image: C:\Program Files\McAfee\Agent\x86\macompatsvc.exe
TargetObject: HKLM\SOFTWARE\Microsoft\SystemCertificates\ROOT\Certificates","2019-07-01T14:26:12.000+0200",,Win10,main,22,"//_::_\r=--/\r=--\r=\r=\r=\r=..\r=\r=---\r=\r=_____(:_)\r=\r=\r","WinEventLog:Microsoft-Windows-Sysmon/Operational","WinEventLog:Microsoft-Windows-Sysmon/Operational","WIN-RCSL2HMR26K",,,
"Win10.nebula.local",12,"4
CreateKey","C:\Program Files\McAfee\Agent\x86\macompatsvc.exe",None,"Microsoft-Windows-Sysmon/Operational","Registry object added or deleted:
RuleName: technique_id=T1130,technique_name=Install Root Certificate
EventType: CreateKey
UtcTime: 2019-07-01 12:25:48.613
ProcessGuid: {27E0225F-FBCC-5D19-0000-00109EF10400}
ProcessId: 4704
Image: C:\Program Files\McAfee\Agent\x86\macompatsvc.exe
TargetObject: HKU\.DEFAULT\Software\Microsoft\SystemCertificates\Root\Certificates",Info,"{27E0225F-FBCC-5D19-0000-00109EF10400}",4704,313895,"technique_id=T1130,technique_name=Install Root Certificate","S-1-5-18",0,"Microsoft-Windows-Sysmon","HKU\.DEFAULT\Software\Microsoft\SystemCertificates\Root\Certificates","Registry object added or deleted (rule: RegistryEvent)",Information,"NOT_TRANSLATED","2019-07-01 12:25:48.613","07/01/2019 02:26:12 PM
LogName=Microsoft-Windows-Sysmon/Operational
SourceName=Microsoft-Windows-Sysmon
EventCode=12
EventType=4
Type=Information
ComputerName=Win10.nebula.local
User=NOT_TRANSLATED
Sid=S-1-5-18
SidType=0
TaskCategory=Registry object added or deleted (rule: RegistryEvent)
OpCode=Info
RecordNumber=313895
Keywords=None
Message=Registry object added or deleted:
RuleName: technique_id=T1130,technique_name=Install Root Certificate
EventType: CreateKey
UtcTime: 2019-07-01 12:25:48.613
ProcessGuid: {27E0225F-FBCC-5D19-0000-00109EF10400}
ProcessId: 4704
Image: C:\Program Files\McAfee\Agent\x86\macompatsvc.exe
TargetObject: HKU\.DEFAULT\Software\Microsoft\SystemCertificates\Root\Certificates","2019-07-01T14:26:12.000+0200",,Win10,main,22,"//_::_\r=--/\r=--\r=\r=\r=\r=..\r=\r=---\r=\r=_____(:_)\r=\r=\r","WinEventLog:Microsoft-Windows-Sysmon/Operational","WinEventLog:Microsoft-Windows-Sysmon/Operational","WIN-RCSL2HMR26K",,,
"Win10.nebula.local",12,"4
CreateKey","C:\Program Files\McAfee\Endpoint Security\Threat Prevention\mfetp.exe",None,"Microsoft-Windows-Sysmon/Operational","Registry object added or deleted:
RuleName: technique_id=T1130,technique_name=Install Root Certificate
EventType: CreateKey
UtcTime: 2019-07-01 12:25:40.520
ProcessGuid: {27E0225F-FBC3-5D19-0000-0010B6530400}
ProcessId: 4108
Image: C:\Program Files\McAfee\Endpoint Security\Threat Prevention\mfetp.exe
TargetObject: HKLM\SOFTWARE\Microsoft\EnterpriseCertificates\Root\Certificates",Info,"{27E0225F-FBC3-5D19-0000-0010B6530400}",4108,313813,"technique_id=T1130,technique_name=Install Root Certificate","S-1-5-18",0,"Microsoft-Windows-Sysmon","HKLM\SOFTWARE\Microsoft\EnterpriseCertificates\Root\Certificates","Registry object added or deleted (rule: RegistryEvent)",Information,"NOT_TRANSLATED","2019-07-01 12:25:40.520","07/01/2019 02:26:09 PM
LogName=Microsoft-Windows-Sysmon/Operational
SourceName=Microsoft-Windows-Sysmon
EventCode=12
EventType=4
Type=Information
ComputerName=Win10.nebula.local
User=NOT_TRANSLATED
Sid=S-1-5-18
SidType=0
TaskCategory=Registry object added or deleted (rule: RegistryEvent)
OpCode=Info
RecordNumber=313813
Keywords=None
Message=Registry object added or deleted:
RuleName: technique_id=T1130,technique_name=Install Root Certificate
EventType: CreateKey
UtcTime: 2019-07-01 12:25:40.520
ProcessGuid: {27E0225F-FBC3-5D19-0000-0010B6530400}
ProcessId: 4108
Image: C:\Program Files\McAfee\Endpoint Security\Threat Prevention\mfetp.exe
TargetObject: HKLM\SOFTWARE\Microsoft\EnterpriseCertificates\Root\Certificates","2019-07-01T14:26:09.000+0200",,Win10,main,22,"//_::_\r=--/\r=--\r=\r=\r=\r=..\r=\r=---\r=\r=_____(:_)\r=\r=\r","WinEventLog:Microsoft-Windows-Sysmon/Operational","WinEventLog:Microsoft-Windows-Sysmon/Operational","WIN-RCSL2HMR26K",,,
"Win10.nebula.local",12,"4
CreateKey","C:\Program Files\McAfee\Endpoint Security\Threat Prevention\mfetp.exe",None,"Microsoft-Windows-Sysmon/Operational","Registry object added or deleted:
RuleName: technique_id=T1130,technique_name=Install Root Certificate
EventType: CreateKey
UtcTime: 2019-07-01 12:25:40.520
ProcessGuid: {27E0225F-FBC3-5D19-0000-0010B6530400}
ProcessId: 4108
Image: C:\Program Files\McAfee\Endpoint Security\Threat Prevention\mfetp.exe
TargetObject: HKLM\SOFTWARE\Policies\Microsoft\SystemCertificates\Root\Certificates",Info,"{27E0225F-FBC3-5D19-0000-0010B6530400}",4108,313812,"technique_id=T1130,technique_name=Install Root Certificate","S-1-5-18",0,"Microsoft-Windows-Sysmon","HKLM\SOFTWARE\Policies\Microsoft\SystemCertificates\Root\Certificates","Registry object added or deleted (rule: RegistryEvent)",Information,"NOT_TRANSLATED","2019-07-01 12:25:40.520","07/01/2019 02:26:09 PM
LogName=Microsoft-Windows-Sysmon/Operational
SourceName=Microsoft-Windows-Sysmon
EventCode=12
EventType=4
Type=Information
ComputerName=Win10.nebula.local
User=NOT_TRANSLATED
Sid=S-1-5-18
SidType=0
TaskCategory=Registry object added or deleted (rule: RegistryEvent)
OpCode=Info
RecordNumber=313812
Keywords=None
Message=Registry object added or deleted:
RuleName: technique_id=T1130,technique_name=Install Root Certificate
EventType: CreateKey
UtcTime: 2019-07-01 12:25:40.520
ProcessGuid: {27E0225F-FBC3-5D19-0000-0010B6530400}
ProcessId: 4108
Image: C:\Program Files\McAfee\Endpoint Security\Threat Prevention\mfetp.exe
TargetObject: HKLM\SOFTWARE\Policies\Microsoft\SystemCertificates\Root\Certificates","2019-07-01T14:26:09.000+0200",,Win10,main,22,"//_::_\r=--/\r=--\r=\r=\r=\r=..\r=\r=---\r=\r=_____(:_)\r=\r=\r","WinEventLog:Microsoft-Windows-Sysmon/Operational","WinEventLog:Microsoft-Windows-Sysmon/Operational","WIN-RCSL2HMR26K",,,
"Win10.nebula.local",12,"4
CreateKey","C:\Program Files\McAfee\Endpoint Security\Threat Prevention\mfetp.exe",None,"Microsoft-Windows-Sysmon/Operational","Registry object added or deleted:
RuleName: technique_id=T1130,technique_name=Install Root Certificate
EventType: CreateKey
UtcTime: 2019-07-01 12:25:40.520
ProcessGuid: {27E0225F-FBC3-5D19-0000-0010B6530400}
ProcessId: 4108
Image: C:\Program Files\McAfee\Endpoint Security\Threat Prevention\mfetp.exe
TargetObject: HKLM\SOFTWARE\Microsoft\SystemCertificates\ROOT\Certificates",Info,"{27E0225F-FBC3-5D19-0000-0010B6530400}",4108,313811,"technique_id=T1130,technique_name=Install Root Certificate","S-1-5-18",0,"Microsoft-Windows-Sysmon","HKLM\SOFTWARE\Microsoft\SystemCertificates\ROOT\Certificates","Registry object added or deleted (rule: RegistryEvent)",Information,"NOT_TRANSLATED","2019-07-01 12:25:40.520","07/01/2019 02:26:09 PM
LogName=Microsoft-Windows-Sysmon/Operational
SourceName=Microsoft-Windows-Sysmon
EventCode=12
EventType=4
Type=Information
ComputerName=Win10.nebula.local
User=NOT_TRANSLATED
Sid=S-1-5-18
SidType=0
TaskCategory=Registry object added or deleted (rule: RegistryEvent)
OpCode=Info
RecordNumber=313811
Keywords=None
Message=Registry object added or deleted:
RuleName: technique_id=T1130,technique_name=Install Root Certificate
EventType: CreateKey
UtcTime: 2019-07-01 12:25:40.520
ProcessGuid: {27E0225F-FBC3-5D19-0000-0010B6530400}
ProcessId: 4108
Image: C:\Program Files\McAfee\Endpoint Security\Threat Prevention\mfetp.exe
TargetObject: HKLM\SOFTWARE\Microsoft\SystemCertificates\ROOT\Certificates","2019-07-01T14:26:09.000+0200",,Win10,main,22,"//_::_\r=--/\r=--\r=\r=\r=\r=..\r=\r=---\r=\r=_____(:_)\r=\r=\r","WinEventLog:Microsoft-Windows-Sysmon/Operational","WinEventLog:Microsoft-Windows-Sysmon/Operational","WIN-RCSL2HMR26K",,,
"Win10.nebula.local",12,"4
CreateKey","C:\Program Files\McAfee\Endpoint Security\Threat Prevention\mfetp.exe",None,"Microsoft-Windows-Sysmon/Operational","Registry object added or deleted:
RuleName: technique_id=T1130,technique_name=Install Root Certificate
EventType: CreateKey
UtcTime: 2019-07-01 12:25:40.520
ProcessGuid: {27E0225F-FBC3-5D19-0000-0010B6530400}
ProcessId: 4108
Image: C:\Program Files\McAfee\Endpoint Security\Threat Prevention\mfetp.exe
TargetObject: HKU\.DEFAULT\Software\Microsoft\SystemCertificates\Root\Certificates",Info,"{27E0225F-FBC3-5D19-0000-0010B6530400}",4108,313810,"technique_id=T1130,technique_name=Install Root Certificate","S-1-5-18",0,"Microsoft-Windows-Sysmon","HKU\.DEFAULT\Software\Microsoft\SystemCertificates\Root\Certificates","Registry object added or deleted (rule: RegistryEvent)",Information,"NOT_TRANSLATED","2019-07-01 12:25:40.520","07/01/2019 02:26:09 PM
LogName=Microsoft-Windows-Sysmon/Operational
SourceName=Microsoft-Windows-Sysmon
EventCode=12
EventType=4
Type=Information
ComputerName=Win10.nebula.local
User=NOT_TRANSLATED
Sid=S-1-5-18
SidType=0
TaskCategory=Registry object added or deleted (rule: RegistryEvent)
OpCode=Info
RecordNumber=313810
Keywords=None
Message=Registry object added or deleted:
RuleName: technique_id=T1130,technique_name=Install Root Certificate
EventType: CreateKey
UtcTime: 2019-07-01 12:25:40.520
ProcessGuid: {27E0225F-FBC3-5D19-0000-0010B6530400}
ProcessId: 4108
Image: C:\Program Files\McAfee\Endpoint Security\Threat Prevention\mfetp.exe
TargetObject: HKU\.DEFAULT\Software\Microsoft\SystemCertificates\Root\Certificates","2019-07-01T14:26:09.000+0200",,Win10,main,22,"//_::_\r=--/\r=--\r=\r=\r=\r=..\r=\r=---\r=\r=_____(:_)\r=\r=\r","WinEventLog:Microsoft-Windows-Sysmon/Operational","WinEventLog:Microsoft-Windows-Sysmon/Operational","WIN-RCSL2HMR26K",,,
"Win10.nebula.local",12,"4
CreateKey","C:\Program Files\McAfee\Endpoint Security\Threat Prevention\mfeensppl.exe",None,"Microsoft-Windows-Sysmon/Operational","Registry object added or deleted:
RuleName: technique_id=T1130,technique_name=Install Root Certificate
EventType: CreateKey
UtcTime: 2019-07-01 12:25:39.692
ProcessGuid: {27E0225F-FBC2-5D19-0000-0010EA3B0400}
ProcessId: 3316
Image: C:\Program Files\McAfee\Endpoint Security\Threat Prevention\mfeensppl.exe
TargetObject: HKLM\SOFTWARE\Microsoft\EnterpriseCertificates\Root\Certificates",Info,"{27E0225F-FBC2-5D19-0000-0010EA3B0400}",3316,313785,"technique_id=T1130,technique_name=Install Root Certificate","S-1-5-18",0,"Microsoft-Windows-Sysmon","HKLM\SOFTWARE\Microsoft\EnterpriseCertificates\Root\Certificates","Registry object added or deleted (rule: RegistryEvent)",Information,"NOT_TRANSLATED","2019-07-01 12:25:39.692","07/01/2019 02:26:09 PM
LogName=Microsoft-Windows-Sysmon/Operational
SourceName=Microsoft-Windows-Sysmon
EventCode=12
EventType=4
Type=Information
ComputerName=Win10.nebula.local
User=NOT_TRANSLATED
Sid=S-1-5-18
SidType=0
TaskCategory=Registry object added or deleted (rule: RegistryEvent)
OpCode=Info
RecordNumber=313785
Keywords=None
Message=Registry object added or deleted:
RuleName: technique_id=T1130,technique_name=Install Root Certificate
EventType: CreateKey
UtcTime: 2019-07-01 12:25:39.692
ProcessGuid: {27E0225F-FBC2-5D19-0000-0010EA3B0400}
ProcessId: 3316
Image: C:\Program Files\McAfee\Endpoint Security\Threat Prevention\mfeensppl.exe
TargetObject: HKLM\SOFTWARE\Microsoft\EnterpriseCertificates\Root\Certificates","2019-07-01T14:26:09.000+0200",,Win10,main,22,"//_::_\r=--/\r=--\r=\r=\r=\r=..\r=\r=---\r=\r=_____(:_)\r=\r=\r","WinEventLog:Microsoft-Windows-Sysmon/Operational","WinEventLog:Microsoft-Windows-Sysmon/Operational","WIN-RCSL2HMR26K",,,
"Win10.nebula.local",12,"4
CreateKey","C:\Program Files\McAfee\Endpoint Security\Threat Prevention\mfeensppl.exe",None,"Microsoft-Windows-Sysmon/Operational","Registry object added or deleted:
RuleName: technique_id=T1130,technique_name=Install Root Certificate
EventType: CreateKey
UtcTime: 2019-07-01 12:25:39.692
ProcessGuid: {27E0225F-FBC2-5D19-0000-0010EA3B0400}
ProcessId: 3316
Image: C:\Program Files\McAfee\Endpoint Security\Threat Prevention\mfeensppl.exe
TargetObject: HKLM\SOFTWARE\Policies\Microsoft\SystemCertificates\Root\Certificates",Info,"{27E0225F-FBC2-5D19-0000-0010EA3B0400}",3316,313784,"technique_id=T1130,technique_name=Install Root Certificate","S-1-5-18",0,"Microsoft-Windows-Sysmon","HKLM\SOFTWARE\Policies\Microsoft\SystemCertificates\Root\Certificates","Registry object added or deleted (rule: RegistryEvent)",Information,"NOT_TRANSLATED","2019-07-01 12:25:39.692","07/01/2019 02:26:09 PM
LogName=Microsoft-Windows-Sysmon/Operational
SourceName=Microsoft-Windows-Sysmon
EventCode=12
EventType=4
Type=Information
ComputerName=Win10.nebula.local
User=NOT_TRANSLATED
Sid=S-1-5-18
SidType=0
TaskCategory=Registry object added or deleted (rule: RegistryEvent)
OpCode=Info
RecordNumber=313784
Keywords=None
Message=Registry object added or deleted:
RuleName: technique_id=T1130,technique_name=Install Root Certificate
EventType: CreateKey
UtcTime: 2019-07-01 12:25:39.692
ProcessGuid: {27E0225F-FBC2-5D19-0000-0010EA3B0400}
ProcessId: 3316
Image: C:\Program Files\McAfee\Endpoint Security\Threat Prevention\mfeensppl.exe
TargetObject: HKLM\SOFTWARE\Policies\Microsoft\SystemCertificates\Root\Certificates","2019-07-01T14:26:09.000+0200",,Win10,main,22,"//_::_\r=--/\r=--\r=\r=\r=\r=..\r=\r=---\r=\r=_____(:_)\r=\r=\r","WinEventLog:Microsoft-Windows-Sysmon/Operational","WinEventLog:Microsoft-Windows-Sysmon/Operational","WIN-RCSL2HMR26K",,,
"Win10.nebula.local",12,"4
CreateKey","C:\Program Files\McAfee\Endpoint Security\Threat Prevention\mfeensppl.exe",None,"Microsoft-Windows-Sysmon/Operational","Registry object added or deleted:
RuleName: technique_id=T1130,technique_name=Install Root Certificate
EventType: CreateKey
UtcTime: 2019-07-01 12:25:39.692
ProcessGuid: {27E0225F-FBC2-5D19-0000-0010EA3B0400}
ProcessId: 3316
Image: C:\Program Files\McAfee\Endpoint Security\Threat Prevention\mfeensppl.exe
TargetObject: HKLM\SOFTWARE\Microsoft\SystemCertificates\ROOT\Certificates",Info,"{27E0225F-FBC2-5D19-0000-0010EA3B0400}",3316,313783,"technique_id=T1130,technique_name=Install Root Certificate","S-1-5-18",0,"Microsoft-Windows-Sysmon","HKLM\SOFTWARE\Microsoft\SystemCertificates\ROOT\Certificates","Registry object added or deleted (rule: RegistryEvent)",Information,"NOT_TRANSLATED","2019-07-01 12:25:39.692","07/01/2019 02:26:09 PM
LogName=Microsoft-Windows-Sysmon/Operational
SourceName=Microsoft-Windows-Sysmon
EventCode=12
EventType=4
Type=Information
ComputerName=Win10.nebula.local
User=NOT_TRANSLATED
Sid=S-1-5-18
SidType=0
TaskCategory=Registry object added or deleted (rule: RegistryEvent)
OpCode=Info
RecordNumber=313783
Keywords=None
Message=Registry object added or deleted:
RuleName: technique_id=T1130,technique_name=Install Root Certificate
EventType: CreateKey
UtcTime: 2019-07-01 12:25:39.692
ProcessGuid: {27E0225F-FBC2-5D19-0000-0010EA3B0400}
ProcessId: 3316
Image: C:\Program Files\McAfee\Endpoint Security\Threat Prevention\mfeensppl.exe
TargetObject: HKLM\SOFTWARE\Microsoft\SystemCertificates\ROOT\Certificates","2019-07-01T14:26:09.000+0200",,Win10,main,22,"//_::_\r=--/\r=--\r=\r=\r=\r=..\r=\r=---\r=\r=_____(:_)\r=\r=\r","WinEventLog:Microsoft-Windows-Sysmon/Operational","WinEventLog:Microsoft-Windows-Sysmon/Operational","WIN-RCSL2HMR26K",,,
"Win10.nebula.local",12,"4
CreateKey","C:\Program Files\McAfee\Endpoint Security\Threat Prevention\mfeensppl.exe",None,"Microsoft-Windows-Sysmon/Operational","Registry object added or deleted:
RuleName: technique_id=T1130,technique_name=Install Root Certificate
EventType: CreateKey
UtcTime: 2019-07-01 12:25:39.692
ProcessGuid: {27E0225F-FBC2-5D19-0000-0010EA3B0400}
ProcessId: 3316
Image: C:\Program Files\McAfee\Endpoint Security\Threat Prevention\mfeensppl.exe
TargetObject: HKU\.DEFAULT\Software\Microsoft\SystemCertificates\Root\Certificates",Info,"{27E0225F-FBC2-5D19-0000-0010EA3B0400}",3316,313782,"technique_id=T1130,technique_name=Install Root Certificate","S-1-5-18",0,"Microsoft-Windows-Sysmon","HKU\.DEFAULT\Software\Microsoft\SystemCertificates\Root\Certificates","Registry object added or deleted (rule: RegistryEvent)",Information,"NOT_TRANSLATED","2019-07-01 12:25:39.692","07/01/2019 02:26:09 PM
LogName=Microsoft-Windows-Sysmon/Operational
SourceName=Microsoft-Windows-Sysmon
EventCode=12
EventType=4
Type=Information
ComputerName=Win10.nebula.local
User=NOT_TRANSLATED
Sid=S-1-5-18
SidType=0
TaskCategory=Registry object added or deleted (rule: RegistryEvent)
OpCode=Info
RecordNumber=313782
Keywords=None
Message=Registry object added or deleted:
RuleName: technique_id=T1130,technique_name=Install Root Certificate
EventType: CreateKey
UtcTime: 2019-07-01 12:25:39.692
ProcessGuid: {27E0225F-FBC2-5D19-0000-0010EA3B0400}
ProcessId: 3316
Image: C:\Program Files\McAfee\Endpoint Security\Threat Prevention\mfeensppl.exe
TargetObject: HKU\.DEFAULT\Software\Microsoft\SystemCertificates\Root\Certificates","2019-07-01T14:26:09.000+0200",,Win10,main,22,"//_::_\r=--/\r=--\r=\r=\r=\r=..\r=\r=---\r=\r=_____(:_)\r=\r=\r","WinEventLog:Microsoft-Windows-Sysmon/Operational","WinEventLog:Microsoft-Windows-Sysmon/Operational","WIN-RCSL2HMR26K",,,
"Win10.nebula.local",12,"4
CreateKey","C:\Program Files\Common Files\McAfee\SystemCore\mfehcs.exe",None,"Microsoft-Windows-Sysmon/Operational","Registry object added or deleted:
RuleName: technique_id=T1130,technique_name=Install Root Certificate
EventType: CreateKey
UtcTime: 2019-07-01 12:25:38.723
ProcessGuid: {27E0225F-FBC2-5D19-0000-001091270400}
ProcessId: 3984
Image: C:\Program Files\Common Files\McAfee\SystemCore\mfehcs.exe
TargetObject: HKLM\SOFTWARE\Microsoft\EnterpriseCertificates\Root\Certificates",Info,"{27E0225F-FBC2-5D19-0000-001091270400}",3984,313776,"technique_id=T1130,technique_name=Install Root Certificate","S-1-5-18",0,"Microsoft-Windows-Sysmon","HKLM\SOFTWARE\Microsoft\EnterpriseCertificates\Root\Certificates","Registry object added or deleted (rule: RegistryEvent)",Information,"NOT_TRANSLATED","2019-07-01 12:25:38.723","07/01/2019 02:26:08 PM
LogName=Microsoft-Windows-Sysmon/Operational
SourceName=Microsoft-Windows-Sysmon
EventCode=12
EventType=4
Type=Information
ComputerName=Win10.nebula.local
User=NOT_TRANSLATED
Sid=S-1-5-18
SidType=0
TaskCategory=Registry object added or deleted (rule: RegistryEvent)
OpCode=Info
RecordNumber=313776
Keywords=None
Message=Registry object added or deleted:
RuleName: technique_id=T1130,technique_name=Install Root Certificate
EventType: CreateKey
UtcTime: 2019-07-01 12:25:38.723
ProcessGuid: {27E0225F-FBC2-5D19-0000-001091270400}
ProcessId: 3984
Image: C:\Program Files\Common Files\McAfee\SystemCore\mfehcs.exe
TargetObject: HKLM\SOFTWARE\Microsoft\EnterpriseCertificates\Root\Certificates","2019-07-01T14:26:08.000+0200",,Win10,main,22,"//_::_\r=--/\r=--\r=\r=\r=\r=..\r=\r=---\r=\r=_____(:_)\r=\r=\r","WinEventLog:Microsoft-Windows-Sysmon/Operational","WinEventLog:Microsoft-Windows-Sysmon/Operational","WIN-RCSL2HMR26K",,,
"Win10.nebula.local",12,"4
CreateKey","C:\Program Files\Common Files\McAfee\SystemCore\mfehcs.exe",None,"Microsoft-Windows-Sysmon/Operational","Registry object added or deleted:
RuleName: technique_id=T1130,technique_name=Install Root Certificate
EventType: CreateKey
UtcTime: 2019-07-01 12:25:38.723
ProcessGuid: {27E0225F-FBC2-5D19-0000-001091270400}
ProcessId: 3984
Image: C:\Program Files\Common Files\McAfee\SystemCore\mfehcs.exe
TargetObject: HKLM\SOFTWARE\Policies\Microsoft\SystemCertificates\Root\Certificates",Info,"{27E0225F-FBC2-5D19-0000-001091270400}",3984,313775,"technique_id=T1130,technique_name=Install Root Certificate","S-1-5-18",0,"Microsoft-Windows-Sysmon","HKLM\SOFTWARE\Policies\Microsoft\SystemCertificates\Root\Certificates","Registry object added or deleted (rule: RegistryEvent)",Information,"NOT_TRANSLATED","2019-07-01 12:25:38.723","07/01/2019 02:26:08 PM
LogName=Microsoft-Windows-Sysmon/Operational
SourceName=Microsoft-Windows-Sysmon
EventCode=12
EventType=4
Type=Information
ComputerName=Win10.nebula.local
User=NOT_TRANSLATED
Sid=S-1-5-18
SidType=0
TaskCategory=Registry object added or deleted (rule: RegistryEvent)
OpCode=Info
RecordNumber=313775
Keywords=None
Message=Registry object added or deleted:
RuleName: technique_id=T1130,technique_name=Install Root Certificate
EventType: CreateKey
UtcTime: 2019-07-01 12:25:38.723
ProcessGuid: {27E0225F-FBC2-5D19-0000-001091270400}
ProcessId: 3984
Image: C:\Program Files\Common Files\McAfee\SystemCore\mfehcs.exe
TargetObject: HKLM\SOFTWARE\Policies\Microsoft\SystemCertificates\Root\Certificates","2019-07-01T14:26:08.000+0200",,Win10,main,22,"//_::_\r=--/\r=--\r=\r=\r=\r=..\r=\r=---\r=\r=_____(:_)\r=\r=\r","WinEventLog:Microsoft-Windows-Sysmon/Operational","WinEventLog:Microsoft-Windows-Sysmon/Operational","WIN-RCSL2HMR26K",,,
"Win10.nebula.local",12,"4
CreateKey","C:\Program Files\Common Files\McAfee\SystemCore\mfehcs.exe",None,"Microsoft-Windows-Sysmon/Operational","Registry object added or deleted:
RuleName: technique_id=T1130,technique_name=Install Root Certificate
EventType: CreateKey
UtcTime: 2019-07-01 12:25:38.723
ProcessGuid: {27E0225F-FBC2-5D19-0000-001091270400}
ProcessId: 3984
Image: C:\Program Files\Common Files\McAfee\SystemCore\mfehcs.exe
TargetObject: HKLM\SOFTWARE\Microsoft\SystemCertificates\ROOT\Certificates",Info,"{27E0225F-FBC2-5D19-0000-001091270400}",3984,313774,"technique_id=T1130,technique_name=Install Root Certificate","S-1-5-18",0,"Microsoft-Windows-Sysmon","HKLM\SOFTWARE\Microsoft\SystemCertificates\ROOT\Certificates","Registry object added or deleted (rule: RegistryEvent)",Information,"NOT_TRANSLATED","2019-07-01 12:25:38.723","07/01/2019 02:26:08 PM
LogName=Microsoft-Windows-Sysmon/Operational
SourceName=Microsoft-Windows-Sysmon
EventCode=12
EventType=4
Type=Information
ComputerName=Win10.nebula.local
User=NOT_TRANSLATED
Sid=S-1-5-18
SidType=0
TaskCategory=Registry object added or deleted (rule: RegistryEvent)
OpCode=Info
RecordNumber=313774
Keywords=None
Message=Registry object added or deleted:
RuleName: technique_id=T1130,technique_name=Install Root Certificate
EventType: CreateKey
UtcTime: 2019-07-01 12:25:38.723
ProcessGuid: {27E0225F-FBC2-5D19-0000-001091270400}
ProcessId: 3984
Image: C:\Program Files\Common Files\McAfee\SystemCore\mfehcs.exe
TargetObject: HKLM\SOFTWARE\Microsoft\SystemCertificates\ROOT\Certificates","2019-07-01T14:26:08.000+0200",,Win10,main,22,"//_::_\r=--/\r=--\r=\r=\r=\r=..\r=\r=---\r=\r=_____(:_)\r=\r=\r","WinEventLog:Microsoft-Windows-Sysmon/Operational","WinEventLog:Microsoft-Windows-Sysmon/Operational","WIN-RCSL2HMR26K",,,
"Win10.nebula.local",12,"4
CreateKey","C:\Program Files\Common Files\McAfee\SystemCore\mfehcs.exe",None,"Microsoft-Windows-Sysmon/Operational","Registry object added or deleted:
RuleName: technique_id=T1130,technique_name=Install Root Certificate
EventType: CreateKey
UtcTime: 2019-07-01 12:25:38.723
ProcessGuid: {27E0225F-FBC2-5D19-0000-001091270400}
ProcessId: 3984
Image: C:\Program Files\Common Files\McAfee\SystemCore\mfehcs.exe
TargetObject: HKU\.DEFAULT\Software\Microsoft\SystemCertificates\Root\Certificates",Info,"{27E0225F-FBC2-5D19-0000-001091270400}",3984,313773,"technique_id=T1130,technique_name=Install Root Certificate","S-1-5-18",0,"Microsoft-Windows-Sysmon","HKU\.DEFAULT\Software\Microsoft\SystemCertificates\Root\Certificates","Registry object added or deleted (rule: RegistryEvent)",Information,"NOT_TRANSLATED","2019-07-01 12:25:38.723","07/01/2019 02:26:08 PM
LogName=Microsoft-Windows-Sysmon/Operational
SourceName=Microsoft-Windows-Sysmon
EventCode=12
EventType=4
Type=Information
ComputerName=Win10.nebula.local
User=NOT_TRANSLATED
Sid=S-1-5-18
SidType=0
TaskCategory=Registry object added or deleted (rule: RegistryEvent)
OpCode=Info
RecordNumber=313773
Keywords=None
Message=Registry object added or deleted:
RuleName: technique_id=T1130,technique_name=Install Root Certificate
EventType: CreateKey
UtcTime: 2019-07-01 12:25:38.723
ProcessGuid: {27E0225F-FBC2-5D19-0000-001091270400}
ProcessId: 3984
Image: C:\Program Files\Common Files\McAfee\SystemCore\mfehcs.exe
TargetObject: HKU\.DEFAULT\Software\Microsoft\SystemCertificates\Root\Certificates","2019-07-01T14:26:08.000+0200",,Win10,main,22,"//_::_\r=--/\r=--\r=\r=\r=\r=..\r=\r=---\r=\r=_____(:_)\r=\r=\r","WinEventLog:Microsoft-Windows-Sysmon/Operational","WinEventLog:Microsoft-Windows-Sysmon/Operational","WIN-RCSL2HMR26K",,,
"Win10.nebula.local",12,"4
CreateKey","C:\Program Files\Common Files\McAfee\SystemCore\mfefire.exe",None,"Microsoft-Windows-Sysmon/Operational","Registry object added or deleted:
RuleName: technique_id=T1130,technique_name=Install Root Certificate
EventType: CreateKey
UtcTime: 2019-07-01 12:25:38.504
ProcessGuid: {27E0225F-FBC2-5D19-0000-0010EA100400}
ProcessId: 3908
Image: C:\Program Files\Common Files\McAfee\SystemCore\mfefire.exe
TargetObject: HKLM\SOFTWARE\Microsoft\EnterpriseCertificates\Root\Certificates",Info,"{27E0225F-FBC2-5D19-0000-0010EA100400}",3908,313759,"technique_id=T1130,technique_name=Install Root Certificate","S-1-5-18",0,"Microsoft-Windows-Sysmon","HKLM\SOFTWARE\Microsoft\EnterpriseCertificates\Root\Certificates","Registry object added or deleted (rule: RegistryEvent)",Information,"NOT_TRANSLATED","2019-07-01 12:25:38.504","07/01/2019 02:26:08 PM
LogName=Microsoft-Windows-Sysmon/Operational
SourceName=Microsoft-Windows-Sysmon
EventCode=12
EventType=4
Type=Information
ComputerName=Win10.nebula.local
User=NOT_TRANSLATED
Sid=S-1-5-18
SidType=0
TaskCategory=Registry object added or deleted (rule: RegistryEvent)
OpCode=Info
RecordNumber=313759
Keywords=None
Message=Registry object added or deleted:
RuleName: technique_id=T1130,technique_name=Install Root Certificate
EventType: CreateKey
UtcTime: 2019-07-01 12:25:38.504
ProcessGuid: {27E0225F-FBC2-5D19-0000-0010EA100400}
ProcessId: 3908
Image: C:\Program Files\Common Files\McAfee\SystemCore\mfefire.exe
TargetObject: HKLM\SOFTWARE\Microsoft\EnterpriseCertificates\Root\Certificates","2019-07-01T14:26:08.000+0200",,Win10,main,22,"//_::_\r=--/\r=--\r=\r=\r=\r=..\r=\r=---\r=\r=_____(:_)\r=\r=\r","WinEventLog:Microsoft-Windows-Sysmon/Operational","WinEventLog:Microsoft-Windows-Sysmon/Operational","WIN-RCSL2HMR26K",,,
"Win10.nebula.local",12,"4
CreateKey","C:\Program Files\Common Files\McAfee\SystemCore\mfefire.exe",None,"Microsoft-Windows-Sysmon/Operational","Registry object added or deleted:
RuleName: technique_id=T1130,technique_name=Install Root Certificate
EventType: CreateKey
UtcTime: 2019-07-01 12:25:38.504
ProcessGuid: {27E0225F-FBC2-5D19-0000-0010EA100400}
ProcessId: 3908
Image: C:\Program Files\Common Files\McAfee\SystemCore\mfefire.exe
TargetObject: HKLM\SOFTWARE\Policies\Microsoft\SystemCertificates\Root\Certificates",Info,"{27E0225F-FBC2-5D19-0000-0010EA100400}",3908,313758,"technique_id=T1130,technique_name=Install Root Certificate","S-1-5-18",0,"Microsoft-Windows-Sysmon","HKLM\SOFTWARE\Policies\Microsoft\SystemCertificates\Root\Certificates","Registry object added or deleted (rule: RegistryEvent)",Information,"NOT_TRANSLATED","2019-07-01 12:25:38.504","07/01/2019 02:26:08 PM
LogName=Microsoft-Windows-Sysmon/Operational
SourceName=Microsoft-Windows-Sysmon
EventCode=12
EventType=4
Type=Information
ComputerName=Win10.nebula.local
User=NOT_TRANSLATED
Sid=S-1-5-18
SidType=0
TaskCategory=Registry object added or deleted (rule: RegistryEvent)
OpCode=Info
RecordNumber=313758
Keywords=None
Message=Registry object added or deleted:
RuleName: technique_id=T1130,technique_name=Install Root Certificate
EventType: CreateKey
UtcTime: 2019-07-01 12:25:38.504
ProcessGuid: {27E0225F-FBC2-5D19-0000-0010EA100400}
ProcessId: 3908
Image: C:\Program Files\Common Files\McAfee\SystemCore\mfefire.exe
TargetObject: HKLM\SOFTWARE\Policies\Microsoft\SystemCertificates\Root\Certificates","2019-07-01T14:26:08.000+0200",,Win10,main,22,"//_::_\r=--/\r=--\r=\r=\r=\r=..\r=\r=---\r=\r=_____(:_)\r=\r=\r","WinEventLog:Microsoft-Windows-Sysmon/Operational","WinEventLog:Microsoft-Windows-Sysmon/Operational","WIN-RCSL2HMR26K",,,
"Win10.nebula.local",12,"4
CreateKey","C:\Program Files\Common Files\McAfee\SystemCore\mfefire.exe",None,"Microsoft-Windows-Sysmon/Operational","Registry object added or deleted:
RuleName: technique_id=T1130,technique_name=Install Root Certificate
EventType: CreateKey
UtcTime: 2019-07-01 12:25:38.504
ProcessGuid: {27E0225F-FBC2-5D19-0000-0010EA100400}
ProcessId: 3908
Image: C:\Program Files\Common Files\McAfee\SystemCore\mfefire.exe
TargetObject: HKLM\SOFTWARE\Microsoft\SystemCertificates\ROOT\Certificates",Info,"{27E0225F-FBC2-5D19-0000-0010EA100400}",3908,313757,"technique_id=T1130,technique_name=Install Root Certificate","S-1-5-18",0,"Microsoft-Windows-Sysmon","HKLM\SOFTWARE\Microsoft\SystemCertificates\ROOT\Certificates","Registry object added or deleted (rule: RegistryEvent)",Information,"NOT_TRANSLATED","2019-07-01 12:25:38.504","07/01/2019 02:26:08 PM
LogName=Microsoft-Windows-Sysmon/Operational
SourceName=Microsoft-Windows-Sysmon
EventCode=12
EventType=4
Type=Information
ComputerName=Win10.nebula.local
User=NOT_TRANSLATED
Sid=S-1-5-18
SidType=0
TaskCategory=Registry object added or deleted (rule: RegistryEvent)
OpCode=Info
RecordNumber=313757
Keywords=None
Message=Registry object added or deleted:
RuleName: technique_id=T1130,technique_name=Install Root Certificate
EventType: CreateKey
UtcTime: 2019-07-01 12:25:38.504
ProcessGuid: {27E0225F-FBC2-5D19-0000-0010EA100400}
ProcessId: 3908
Image: C:\Program Files\Common Files\McAfee\SystemCore\mfefire.exe
TargetObject: HKLM\SOFTWARE\Microsoft\SystemCertificates\ROOT\Certificates","2019-07-01T14:26:08.000+0200",,Win10,main,22,"//_::_\r=--/\r=--\r=\r=\r=\r=..\r=\r=---\r=\r=_____(:_)\r=\r=\r","WinEventLog:Microsoft-Windows-Sysmon/Operational","WinEventLog:Microsoft-Windows-Sysmon/Operational","WIN-RCSL2HMR26K",,,
"Win10.nebula.local",12,"4
CreateKey","C:\Program Files\Common Files\McAfee\SystemCore\mfefire.exe",None,"Microsoft-Windows-Sysmon/Operational","Registry object added or deleted:
RuleName: technique_id=T1130,technique_name=Install Root Certificate
EventType: CreateKey
UtcTime: 2019-07-01 12:25:38.504
ProcessGuid: {27E0225F-FBC2-5D19-0000-0010EA100400}
ProcessId: 3908
Image: C:\Program Files\Common Files\McAfee\SystemCore\mfefire.exe
TargetObject: HKU\.DEFAULT\Software\Microsoft\SystemCertificates\Root\Certificates",Info,"{27E0225F-FBC2-5D19-0000-0010EA100400}",3908,313756,"technique_id=T1130,technique_name=Install Root Certificate","S-1-5-18",0,"Microsoft-Windows-Sysmon","HKU\.DEFAULT\Software\Microsoft\SystemCertificates\Root\Certificates","Registry object added or deleted (rule: RegistryEvent)",Information,"NOT_TRANSLATED","2019-07-01 12:25:38.504","07/01/2019 02:26:08 PM
LogName=Microsoft-Windows-Sysmon/Operational
SourceName=Microsoft-Windows-Sysmon
EventCode=12
EventType=4
Type=Information
ComputerName=Win10.nebula.local
User=NOT_TRANSLATED
Sid=S-1-5-18
SidType=0
TaskCategory=Registry object added or deleted (rule: RegistryEvent)
OpCode=Info
RecordNumber=313756
Keywords=None
Message=Registry object added or deleted:
RuleName: technique_id=T1130,technique_name=Install Root Certificate
EventType: CreateKey
UtcTime: 2019-07-01 12:25:38.504
ProcessGuid: {27E0225F-FBC2-5D19-0000-0010EA100400}
ProcessId: 3908
Image: C:\Program Files\Common Files\McAfee\SystemCore\mfefire.exe
TargetObject: HKU\.DEFAULT\Software\Microsoft\SystemCertificates\Root\Certificates","2019-07-01T14:26:08.000+0200",,Win10,main,22,"//_::_\r=--/\r=--\r=\r=\r=\r=..\r=\r=---\r=\r=_____(:_)\r=\r=\r","WinEventLog:Microsoft-Windows-Sysmon/Operational","WinEventLog:Microsoft-Windows-Sysmon/Operational","WIN-RCSL2HMR26K",,,
"Win10.nebula.local",12,"4
CreateKey","C:\Program Files\McAfee\Endpoint Security\Endpoint Security Platform\mfeesp.exe",None,"Microsoft-Windows-Sysmon/Operational","Registry object added or deleted:
RuleName: technique_id=T1130,technique_name=Install Root Certificate
EventType: CreateKey
UtcTime: 2019-07-01 12:25:38.364
ProcessGuid: {27E0225F-FBC1-5D19-0000-001025FE0300}
ProcessId: 2524
Image: C:\Program Files\McAfee\Endpoint Security\Endpoint Security Platform\mfeesp.exe
TargetObject: HKLM\SOFTWARE\Microsoft\EnterpriseCertificates\Root\Certificates",Info,"{27E0225F-FBC1-5D19-0000-001025FE0300}",2524,313753,"technique_id=T1130,technique_name=Install Root Certificate","S-1-5-18",0,"Microsoft-Windows-Sysmon","HKLM\SOFTWARE\Microsoft\EnterpriseCertificates\Root\Certificates","Registry object added or deleted (rule: RegistryEvent)",Information,"NOT_TRANSLATED","2019-07-01 12:25:38.364","07/01/2019 02:26:08 PM
LogName=Microsoft-Windows-Sysmon/Operational
SourceName=Microsoft-Windows-Sysmon
EventCode=12
EventType=4
Type=Information
ComputerName=Win10.nebula.local
User=NOT_TRANSLATED
Sid=S-1-5-18
SidType=0
TaskCategory=Registry object added or deleted (rule: RegistryEvent)
OpCode=Info
RecordNumber=313753
Keywords=None
Message=Registry object added or deleted:
RuleName: technique_id=T1130,technique_name=Install Root Certificate
EventType: CreateKey
UtcTime: 2019-07-01 12:25:38.364
ProcessGuid: {27E0225F-FBC1-5D19-0000-001025FE0300}
ProcessId: 2524
Image: C:\Program Files\McAfee\Endpoint Security\Endpoint Security Platform\mfeesp.exe
TargetObject: HKLM\SOFTWARE\Microsoft\EnterpriseCertificates\Root\Certificates","2019-07-01T14:26:08.000+0200",,Win10,main,22,"//_::_\r=--/\r=--\r=\r=\r=\r=..\r=\r=---\r=\r=_____(:_)\r=\r=\r","WinEventLog:Microsoft-Windows-Sysmon/Operational","WinEventLog:Microsoft-Windows-Sysmon/Operational","WIN-RCSL2HMR26K",,,
"Win10.nebula.local",12,"4
CreateKey","C:\Program Files\McAfee\Endpoint Security\Endpoint Security Platform\mfeesp.exe",None,"Microsoft-Windows-Sysmon/Operational","Registry object added or deleted:
RuleName: technique_id=T1130,technique_name=Install Root Certificate
EventType: CreateKey
UtcTime: 2019-07-01 12:25:38.364
ProcessGuid: {27E0225F-FBC1-5D19-0000-001025FE0300}
ProcessId: 2524
Image: C:\Program Files\McAfee\Endpoint Security\Endpoint Security Platform\mfeesp.exe
TargetObject: HKLM\SOFTWARE\Policies\Microsoft\SystemCertificates\Root\Certificates",Info,"{27E0225F-FBC1-5D19-0000-001025FE0300}",2524,313752,"technique_id=T1130,technique_name=Install Root Certificate","S-1-5-18",0,"Microsoft-Windows-Sysmon","HKLM\SOFTWARE\Policies\Microsoft\SystemCertificates\Root\Certificates","Registry object added or deleted (rule: RegistryEvent)",Information,"NOT_TRANSLATED","2019-07-01 12:25:38.364","07/01/2019 02:26:08 PM
LogName=Microsoft-Windows-Sysmon/Operational
SourceName=Microsoft-Windows-Sysmon
EventCode=12
EventType=4
Type=Information
ComputerName=Win10.nebula.local
User=NOT_TRANSLATED
Sid=S-1-5-18
SidType=0
TaskCategory=Registry object added or deleted (rule: RegistryEvent)
OpCode=Info
RecordNumber=313752
Keywords=None
Message=Registry object added or deleted:
RuleName: technique_id=T1130,technique_name=Install Root Certificate
EventType: CreateKey
UtcTime: 2019-07-01 12:25:38.364
ProcessGuid: {27E0225F-FBC1-5D19-0000-001025FE0300}
ProcessId: 2524
Image: C:\Program Files\McAfee\Endpoint Security\Endpoint Security Platform\mfeesp.exe
TargetObject: HKLM\SOFTWARE\Policies\Microsoft\SystemCertificates\Root\Certificates","2019-07-01T14:26:08.000+0200",,Win10,main,22,"//_::_\r=--/\r=--\r=\r=\r=\r=..\r=\r=---\r=\r=_____(:_)\r=\r=\r","WinEventLog:Microsoft-Windows-Sysmon/Operational","WinEventLog:Microsoft-Windows-Sysmon/Operational","WIN-RCSL2HMR26K",,,
"Win10.nebula.local",12,"4
CreateKey","C:\Program Files\McAfee\Endpoint Security\Endpoint Security Platform\mfeesp.exe",None,"Microsoft-Windows-Sysmon/Operational","Registry object added or deleted:
RuleName: technique_id=T1130,technique_name=Install Root Certificate
EventType: CreateKey
UtcTime: 2019-07-01 12:25:38.364
ProcessGuid: {27E0225F-FBC1-5D19-0000-001025FE0300}
ProcessId: 2524
Image: C:\Program Files\McAfee\Endpoint Security\Endpoint Security Platform\mfeesp.exe
TargetObject: HKLM\SOFTWARE\Microsoft\SystemCertificates\ROOT\Certificates",Info,"{27E0225F-FBC1-5D19-0000-001025FE0300}",2524,313751,"technique_id=T1130,technique_name=Install Root Certificate","S-1-5-18",0,"Microsoft-Windows-Sysmon","HKLM\SOFTWARE\Microsoft\SystemCertificates\ROOT\Certificates","Registry object added or deleted (rule: RegistryEvent)",Information,"NOT_TRANSLATED","2019-07-01 12:25:38.364","07/01/2019 02:26:08 PM
LogName=Microsoft-Windows-Sysmon/Operational
SourceName=Microsoft-Windows-Sysmon
EventCode=12
EventType=4
Type=Information
