ComputerName=Win10.nebula.local
User=NOT_TRANSLATED
Sid=S-1-5-18
SidType=0
TaskCategory=Registry object added or deleted (rule: RegistryEvent)
OpCode=Info
RecordNumber=333371
Keywords=None
Message=Registry object added or deleted:
RuleName: technique_id=T1130,technique_name=Install Root Certificate
EventType: CreateKey
UtcTime: 2019-07-01 13:54:21.154
ProcessGuid: {27E0225F-0303-5D1A-0000-001003151300}
ProcessId: 7216
Image: C:\Windows\system32\mfevtps.exe
TargetObject: HKLM\SOFTWARE\Policies\Microsoft\SystemCertificates\Root\Certificates","2019-07-01T15:54:21.000+0200",,Win10,main,22,"//_::_\r=--/\r=--\r=\r=\r=\r=..\r=\r=---\r=\r=_____(:_)\r=\r=\r","WinEventLog:Microsoft-Windows-Sysmon/Operational","WinEventLog:Microsoft-Windows-Sysmon/Operational","WIN-RCSL2HMR26K",,,
"Win10.nebula.local",12,"4
CreateKey","C:\Windows\system32\mfevtps.exe",None,"Microsoft-Windows-Sysmon/Operational","Registry object added or deleted:
RuleName: technique_id=T1130,technique_name=Install Root Certificate
EventType: CreateKey
UtcTime: 2019-07-01 13:54:21.154
ProcessGuid: {27E0225F-0303-5D1A-0000-001003151300}
ProcessId: 7216
Image: C:\Windows\system32\mfevtps.exe
TargetObject: HKLM\SOFTWARE\Microsoft\SystemCertificates\ROOT\Certificates",Info,"{27E0225F-0303-5D1A-0000-001003151300}",7216,333370,"technique_id=T1130,technique_name=Install Root Certificate","S-1-5-18",0,"Microsoft-Windows-Sysmon","HKLM\SOFTWARE\Microsoft\SystemCertificates\ROOT\Certificates","Registry object added or deleted (rule: RegistryEvent)",Information,"NOT_TRANSLATED","2019-07-01 13:54:21.154","07/01/2019 03:54:21 PM
LogName=Microsoft-Windows-Sysmon/Operational
SourceName=Microsoft-Windows-Sysmon
EventCode=12
EventType=4
Type=Information
ComputerName=Win10.nebula.local
User=NOT_TRANSLATED
Sid=S-1-5-18
SidType=0
TaskCategory=Registry object added or deleted (rule: RegistryEvent)
OpCode=Info
RecordNumber=333370
Keywords=None
Message=Registry object added or deleted:
RuleName: technique_id=T1130,technique_name=Install Root Certificate
EventType: CreateKey
UtcTime: 2019-07-01 13:54:21.154
ProcessGuid: {27E0225F-0303-5D1A-0000-001003151300}
ProcessId: 7216
Image: C:\Windows\system32\mfevtps.exe
TargetObject: HKLM\SOFTWARE\Microsoft\SystemCertificates\ROOT\Certificates","2019-07-01T15:54:21.000+0200",,Win10,main,22,"//_::_\r=--/\r=--\r=\r=\r=\r=..\r=\r=---\r=\r=_____(:_)\r=\r=\r","WinEventLog:Microsoft-Windows-Sysmon/Operational","WinEventLog:Microsoft-Windows-Sysmon/Operational","WIN-RCSL2HMR26K",,,
"Win10.nebula.local",12,"4
CreateKey","C:\Windows\system32\mfevtps.exe",None,"Microsoft-Windows-Sysmon/Operational","Registry object added or deleted:
RuleName: technique_id=T1130,technique_name=Install Root Certificate
EventType: CreateKey
UtcTime: 2019-07-01 13:54:21.154
ProcessGuid: {27E0225F-0303-5D1A-0000-001003151300}
ProcessId: 7216
Image: C:\Windows\system32\mfevtps.exe
TargetObject: HKU\.DEFAULT\Software\Microsoft\SystemCertificates\Root\Certificates",Info,"{27E0225F-0303-5D1A-0000-001003151300}",7216,333369,"technique_id=T1130,technique_name=Install Root Certificate","S-1-5-18",0,"Microsoft-Windows-Sysmon","HKU\.DEFAULT\Software\Microsoft\SystemCertificates\Root\Certificates","Registry object added or deleted (rule: RegistryEvent)",Information,"NOT_TRANSLATED","2019-07-01 13:54:21.154","07/01/2019 03:54:21 PM
LogName=Microsoft-Windows-Sysmon/Operational
SourceName=Microsoft-Windows-Sysmon
EventCode=12
EventType=4
Type=Information
ComputerName=Win10.nebula.local
User=NOT_TRANSLATED
Sid=S-1-5-18
SidType=0
TaskCategory=Registry object added or deleted (rule: RegistryEvent)
OpCode=Info
RecordNumber=333369
Keywords=None
Message=Registry object added or deleted:
RuleName: technique_id=T1130,technique_name=Install Root Certificate
EventType: CreateKey
UtcTime: 2019-07-01 13:54:21.154
ProcessGuid: {27E0225F-0303-5D1A-0000-001003151300}
ProcessId: 7216
Image: C:\Windows\system32\mfevtps.exe
TargetObject: HKU\.DEFAULT\Software\Microsoft\SystemCertificates\Root\Certificates","2019-07-01T15:54:21.000+0200",,Win10,main,22,"//_::_\r=--/\r=--\r=\r=\r=\r=..\r=\r=---\r=\r=_____(:_)\r=\r=\r","WinEventLog:Microsoft-Windows-Sysmon/Operational","WinEventLog:Microsoft-Windows-Sysmon/Operational","WIN-RCSL2HMR26K",,,
"Win10.nebula.local",12,"4
CreateKey","C:\Program Files\McAfee\Agent\x86\macompatsvc.exe",None,"Microsoft-Windows-Sysmon/Operational","Registry object added or deleted:
RuleName: technique_id=T1130,technique_name=Install Root Certificate
EventType: CreateKey
UtcTime: 2019-07-01 13:54:11.388
ProcessGuid: {27E0225F-026E-5D1A-0000-00106BE70400}
ProcessId: 4572
Image: C:\Program Files\McAfee\Agent\x86\macompatsvc.exe
TargetObject: HKLM\SOFTWARE\Microsoft\EnterpriseCertificates\Root\Certificates",Info,"{27E0225F-026E-5D1A-0000-00106BE70400}",4572,333352,"technique_id=T1130,technique_name=Install Root Certificate","S-1-5-18",0,"Microsoft-Windows-Sysmon","HKLM\SOFTWARE\Microsoft\EnterpriseCertificates\Root\Certificates","Registry object added or deleted (rule: RegistryEvent)",Information,"NOT_TRANSLATED","2019-07-01 13:54:11.388","07/01/2019 03:54:11 PM
LogName=Microsoft-Windows-Sysmon/Operational
SourceName=Microsoft-Windows-Sysmon
EventCode=12
EventType=4
Type=Information
ComputerName=Win10.nebula.local
User=NOT_TRANSLATED
Sid=S-1-5-18
SidType=0
TaskCategory=Registry object added or deleted (rule: RegistryEvent)
OpCode=Info
RecordNumber=333352
Keywords=None
Message=Registry object added or deleted:
RuleName: technique_id=T1130,technique_name=Install Root Certificate
EventType: CreateKey
UtcTime: 2019-07-01 13:54:11.388
ProcessGuid: {27E0225F-026E-5D1A-0000-00106BE70400}
ProcessId: 4572
Image: C:\Program Files\McAfee\Agent\x86\macompatsvc.exe
TargetObject: HKLM\SOFTWARE\Microsoft\EnterpriseCertificates\Root\Certificates","2019-07-01T15:54:11.000+0200",,Win10,main,22,"//_::_\r=--/\r=--\r=\r=\r=\r=..\r=\r=---\r=\r=_____(:_)\r=\r=\r","WinEventLog:Microsoft-Windows-Sysmon/Operational","WinEventLog:Microsoft-Windows-Sysmon/Operational","WIN-RCSL2HMR26K",,,
"Win10.nebula.local",12,"4
CreateKey","C:\Program Files\McAfee\Agent\x86\macompatsvc.exe",None,"Microsoft-Windows-Sysmon/Operational","Registry object added or deleted:
RuleName: technique_id=T1130,technique_name=Install Root Certificate
EventType: CreateKey
UtcTime: 2019-07-01 13:54:11.216
ProcessGuid: {27E0225F-026E-5D1A-0000-00106BE70400}
ProcessId: 4572
Image: C:\Program Files\McAfee\Agent\x86\macompatsvc.exe
TargetObject: HKLM\SOFTWARE\Policies\Microsoft\SystemCertificates\Root\Certificates",Info,"{27E0225F-026E-5D1A-0000-00106BE70400}",4572,333349,"technique_id=T1130,technique_name=Install Root Certificate","S-1-5-18",0,"Microsoft-Windows-Sysmon","HKLM\SOFTWARE\Policies\Microsoft\SystemCertificates\Root\Certificates","Registry object added or deleted (rule: RegistryEvent)",Information,"NOT_TRANSLATED","2019-07-01 13:54:11.216","07/01/2019 03:54:11 PM
LogName=Microsoft-Windows-Sysmon/Operational
SourceName=Microsoft-Windows-Sysmon
EventCode=12
EventType=4
Type=Information
ComputerName=Win10.nebula.local
User=NOT_TRANSLATED
Sid=S-1-5-18
SidType=0
TaskCategory=Registry object added or deleted (rule: RegistryEvent)
OpCode=Info
RecordNumber=333349
Keywords=None
Message=Registry object added or deleted:
RuleName: technique_id=T1130,technique_name=Install Root Certificate
EventType: CreateKey
UtcTime: 2019-07-01 13:54:11.216
ProcessGuid: {27E0225F-026E-5D1A-0000-00106BE70400}
ProcessId: 4572
Image: C:\Program Files\McAfee\Agent\x86\macompatsvc.exe
TargetObject: HKLM\SOFTWARE\Policies\Microsoft\SystemCertificates\Root\Certificates","2019-07-01T15:54:11.000+0200",,Win10,main,22,"//_::_\r=--/\r=--\r=\r=\r=\r=..\r=\r=---\r=\r=_____(:_)\r=\r=\r","WinEventLog:Microsoft-Windows-Sysmon/Operational","WinEventLog:Microsoft-Windows-Sysmon/Operational","WIN-RCSL2HMR26K",,,
"Win10.nebula.local",12,"4
CreateKey","C:\Program Files\McAfee\Agent\x86\macompatsvc.exe",None,"Microsoft-Windows-Sysmon/Operational","Registry object added or deleted:
RuleName: technique_id=T1130,technique_name=Install Root Certificate
EventType: CreateKey
UtcTime: 2019-07-01 13:54:11.216
ProcessGuid: {27E0225F-026E-5D1A-0000-00106BE70400}
ProcessId: 4572
Image: C:\Program Files\McAfee\Agent\x86\macompatsvc.exe
TargetObject: HKLM\SOFTWARE\Microsoft\SystemCertificates\ROOT\Certificates",Info,"{27E0225F-026E-5D1A-0000-00106BE70400}",4572,333348,"technique_id=T1130,technique_name=Install Root Certificate","S-1-5-18",0,"Microsoft-Windows-Sysmon","HKLM\SOFTWARE\Microsoft\SystemCertificates\ROOT\Certificates","Registry object added or deleted (rule: RegistryEvent)",Information,"NOT_TRANSLATED","2019-07-01 13:54:11.216","07/01/2019 03:54:11 PM
LogName=Microsoft-Windows-Sysmon/Operational
SourceName=Microsoft-Windows-Sysmon
EventCode=12
EventType=4
Type=Information
ComputerName=Win10.nebula.local
User=NOT_TRANSLATED
Sid=S-1-5-18
SidType=0
TaskCategory=Registry object added or deleted (rule: RegistryEvent)
OpCode=Info
RecordNumber=333348
Keywords=None
Message=Registry object added or deleted:
RuleName: technique_id=T1130,technique_name=Install Root Certificate
EventType: CreateKey
UtcTime: 2019-07-01 13:54:11.216
ProcessGuid: {27E0225F-026E-5D1A-0000-00106BE70400}
ProcessId: 4572
Image: C:\Program Files\McAfee\Agent\x86\macompatsvc.exe
TargetObject: HKLM\SOFTWARE\Microsoft\SystemCertificates\ROOT\Certificates","2019-07-01T15:54:11.000+0200",,Win10,main,22,"//_::_\r=--/\r=--\r=\r=\r=\r=..\r=\r=---\r=\r=_____(:_)\r=\r=\r","WinEventLog:Microsoft-Windows-Sysmon/Operational","WinEventLog:Microsoft-Windows-Sysmon/Operational","WIN-RCSL2HMR26K",,,
"Win10.nebula.local",12,"4
CreateKey","C:\Program Files\McAfee\Agent\x86\macompatsvc.exe",None,"Microsoft-Windows-Sysmon/Operational","Registry object added or deleted:
RuleName: technique_id=T1130,technique_name=Install Root Certificate
EventType: CreateKey
UtcTime: 2019-07-01 13:54:11.201
ProcessGuid: {27E0225F-026E-5D1A-0000-00106BE70400}
ProcessId: 4572
Image: C:\Program Files\McAfee\Agent\x86\macompatsvc.exe
TargetObject: HKU\.DEFAULT\Software\Microsoft\SystemCertificates\Root\Certificates",Info,"{27E0225F-026E-5D1A-0000-00106BE70400}",4572,333347,"technique_id=T1130,technique_name=Install Root Certificate","S-1-5-18",0,"Microsoft-Windows-Sysmon","HKU\.DEFAULT\Software\Microsoft\SystemCertificates\Root\Certificates","Registry object added or deleted (rule: RegistryEvent)",Information,"NOT_TRANSLATED","2019-07-01 13:54:11.201","07/01/2019 03:54:11 PM
LogName=Microsoft-Windows-Sysmon/Operational
SourceName=Microsoft-Windows-Sysmon
EventCode=12
EventType=4
Type=Information
ComputerName=Win10.nebula.local
User=NOT_TRANSLATED
Sid=S-1-5-18
SidType=0
TaskCategory=Registry object added or deleted (rule: RegistryEvent)
OpCode=Info
RecordNumber=333347
Keywords=None
Message=Registry object added or deleted:
RuleName: technique_id=T1130,technique_name=Install Root Certificate
EventType: CreateKey
UtcTime: 2019-07-01 13:54:11.201
ProcessGuid: {27E0225F-026E-5D1A-0000-00106BE70400}
ProcessId: 4572
Image: C:\Program Files\McAfee\Agent\x86\macompatsvc.exe
TargetObject: HKU\.DEFAULT\Software\Microsoft\SystemCertificates\Root\Certificates","2019-07-01T15:54:11.000+0200",,Win10,main,22,"//_::_\r=--/\r=--\r=\r=\r=\r=..\r=\r=---\r=\r=_____(:_)\r=\r=\r","WinEventLog:Microsoft-Windows-Sysmon/Operational","WinEventLog:Microsoft-Windows-Sysmon/Operational","WIN-RCSL2HMR26K",,,
"Win10.nebula.local",12,"4
CreateKey","C:\Program Files\McAfee\Agent\masvc.exe",None,"Microsoft-Windows-Sysmon/Operational","Registry object added or deleted:
RuleName: technique_id=T1130,technique_name=Install Root Certificate
EventType: CreateKey
UtcTime: 2019-07-01 13:54:10.795
ProcessGuid: {27E0225F-0258-5D1A-0000-0010965F0200}
ProcessId: 2456
Image: C:\Program Files\McAfee\Agent\masvc.exe
TargetObject: HKLM\SOFTWARE\Microsoft\EnterpriseCertificates\Root\Certificates",Info,"{27E0225F-0258-5D1A-0000-0010965F0200}",2456,333341,"technique_id=T1130,technique_name=Install Root Certificate","S-1-5-18",0,"Microsoft-Windows-Sysmon","HKLM\SOFTWARE\Microsoft\EnterpriseCertificates\Root\Certificates","Registry object added or deleted (rule: RegistryEvent)",Information,"NOT_TRANSLATED","2019-07-01 13:54:10.795","07/01/2019 03:54:10 PM
LogName=Microsoft-Windows-Sysmon/Operational
SourceName=Microsoft-Windows-Sysmon
EventCode=12
EventType=4
Type=Information
ComputerName=Win10.nebula.local
User=NOT_TRANSLATED
Sid=S-1-5-18
SidType=0
TaskCategory=Registry object added or deleted (rule: RegistryEvent)
OpCode=Info
RecordNumber=333341
Keywords=None
Message=Registry object added or deleted:
RuleName: technique_id=T1130,technique_name=Install Root Certificate
EventType: CreateKey
UtcTime: 2019-07-01 13:54:10.795
ProcessGuid: {27E0225F-0258-5D1A-0000-0010965F0200}
ProcessId: 2456
Image: C:\Program Files\McAfee\Agent\masvc.exe
TargetObject: HKLM\SOFTWARE\Microsoft\EnterpriseCertificates\Root\Certificates","2019-07-01T15:54:10.000+0200",,Win10,main,22,"//_::_\r=--/\r=--\r=\r=\r=\r=..\r=\r=---\r=\r=_____(:_)\r=\r=\r","WinEventLog:Microsoft-Windows-Sysmon/Operational","WinEventLog:Microsoft-Windows-Sysmon/Operational","WIN-RCSL2HMR26K",,,
"Win10.nebula.local",12,"4
CreateKey","C:\Program Files\McAfee\Agent\masvc.exe",None,"Microsoft-Windows-Sysmon/Operational","Registry object added or deleted:
RuleName: technique_id=T1130,technique_name=Install Root Certificate
EventType: CreateKey
UtcTime: 2019-07-01 13:54:10.795
ProcessGuid: {27E0225F-0258-5D1A-0000-0010965F0200}
ProcessId: 2456
Image: C:\Program Files\McAfee\Agent\masvc.exe
TargetObject: HKLM\SOFTWARE\Policies\Microsoft\SystemCertificates\Root\Certificates",Info,"{27E0225F-0258-5D1A-0000-0010965F0200}",2456,333340,"technique_id=T1130,technique_name=Install Root Certificate","S-1-5-18",0,"Microsoft-Windows-Sysmon","HKLM\SOFTWARE\Policies\Microsoft\SystemCertificates\Root\Certificates","Registry object added or deleted (rule: RegistryEvent)",Information,"NOT_TRANSLATED","2019-07-01 13:54:10.795","07/01/2019 03:54:10 PM
LogName=Microsoft-Windows-Sysmon/Operational
SourceName=Microsoft-Windows-Sysmon
EventCode=12
EventType=4
Type=Information
ComputerName=Win10.nebula.local
User=NOT_TRANSLATED
Sid=S-1-5-18
SidType=0
TaskCategory=Registry object added or deleted (rule: RegistryEvent)
OpCode=Info
RecordNumber=333340
Keywords=None
Message=Registry object added or deleted:
RuleName: technique_id=T1130,technique_name=Install Root Certificate
EventType: CreateKey
UtcTime: 2019-07-01 13:54:10.795
ProcessGuid: {27E0225F-0258-5D1A-0000-0010965F0200}
ProcessId: 2456
Image: C:\Program Files\McAfee\Agent\masvc.exe
TargetObject: HKLM\SOFTWARE\Policies\Microsoft\SystemCertificates\Root\Certificates","2019-07-01T15:54:10.000+0200",,Win10,main,22,"//_::_\r=--/\r=--\r=\r=\r=\r=..\r=\r=---\r=\r=_____(:_)\r=\r=\r","WinEventLog:Microsoft-Windows-Sysmon/Operational","WinEventLog:Microsoft-Windows-Sysmon/Operational","WIN-RCSL2HMR26K",,,
"Win10.nebula.local",12,"4
CreateKey","C:\Program Files\McAfee\Agent\masvc.exe",None,"Microsoft-Windows-Sysmon/Operational","Registry object added or deleted:
RuleName: technique_id=T1130,technique_name=Install Root Certificate
EventType: CreateKey
UtcTime: 2019-07-01 13:54:10.795
ProcessGuid: {27E0225F-0258-5D1A-0000-0010965F0200}
ProcessId: 2456
Image: C:\Program Files\McAfee\Agent\masvc.exe
TargetObject: HKLM\SOFTWARE\Microsoft\SystemCertificates\ROOT\Certificates",Info,"{27E0225F-0258-5D1A-0000-0010965F0200}",2456,333339,"technique_id=T1130,technique_name=Install Root Certificate","S-1-5-18",0,"Microsoft-Windows-Sysmon","HKLM\SOFTWARE\Microsoft\SystemCertificates\ROOT\Certificates","Registry object added or deleted (rule: RegistryEvent)",Information,"NOT_TRANSLATED","2019-07-01 13:54:10.795","07/01/2019 03:54:10 PM
LogName=Microsoft-Windows-Sysmon/Operational
SourceName=Microsoft-Windows-Sysmon
EventCode=12
EventType=4
Type=Information
ComputerName=Win10.nebula.local
User=NOT_TRANSLATED
Sid=S-1-5-18
SidType=0
TaskCategory=Registry object added or deleted (rule: RegistryEvent)
OpCode=Info
RecordNumber=333339
Keywords=None
Message=Registry object added or deleted:
RuleName: technique_id=T1130,technique_name=Install Root Certificate
EventType: CreateKey
UtcTime: 2019-07-01 13:54:10.795
ProcessGuid: {27E0225F-0258-5D1A-0000-0010965F0200}
ProcessId: 2456
Image: C:\Program Files\McAfee\Agent\masvc.exe
TargetObject: HKLM\SOFTWARE\Microsoft\SystemCertificates\ROOT\Certificates","2019-07-01T15:54:10.000+0200",,Win10,main,22,"//_::_\r=--/\r=--\r=\r=\r=\r=..\r=\r=---\r=\r=_____(:_)\r=\r=\r","WinEventLog:Microsoft-Windows-Sysmon/Operational","WinEventLog:Microsoft-Windows-Sysmon/Operational","WIN-RCSL2HMR26K",,,
"Win10.nebula.local",12,"4
CreateKey","C:\Program Files\McAfee\Agent\masvc.exe",None,"Microsoft-Windows-Sysmon/Operational","Registry object added or deleted:
RuleName: technique_id=T1130,technique_name=Install Root Certificate
EventType: CreateKey
UtcTime: 2019-07-01 13:54:10.795
ProcessGuid: {27E0225F-0258-5D1A-0000-0010965F0200}
ProcessId: 2456
Image: C:\Program Files\McAfee\Agent\masvc.exe
TargetObject: HKU\.DEFAULT\Software\Microsoft\SystemCertificates\Root\Certificates",Info,"{27E0225F-0258-5D1A-0000-0010965F0200}",2456,333338,"technique_id=T1130,technique_name=Install Root Certificate","S-1-5-18",0,"Microsoft-Windows-Sysmon","HKU\.DEFAULT\Software\Microsoft\SystemCertificates\Root\Certificates","Registry object added or deleted (rule: RegistryEvent)",Information,"NOT_TRANSLATED","2019-07-01 13:54:10.795","07/01/2019 03:54:10 PM
LogName=Microsoft-Windows-Sysmon/Operational
SourceName=Microsoft-Windows-Sysmon
EventCode=12
EventType=4
Type=Information
ComputerName=Win10.nebula.local
User=NOT_TRANSLATED
Sid=S-1-5-18
SidType=0
TaskCategory=Registry object added or deleted (rule: RegistryEvent)
OpCode=Info
RecordNumber=333338
Keywords=None
Message=Registry object added or deleted:
RuleName: technique_id=T1130,technique_name=Install Root Certificate
EventType: CreateKey
UtcTime: 2019-07-01 13:54:10.795
ProcessGuid: {27E0225F-0258-5D1A-0000-0010965F0200}
ProcessId: 2456
Image: C:\Program Files\McAfee\Agent\masvc.exe
TargetObject: HKU\.DEFAULT\Software\Microsoft\SystemCertificates\Root\Certificates","2019-07-01T15:54:10.000+0200",,Win10,main,22,"//_::_\r=--/\r=--\r=\r=\r=\r=..\r=\r=---\r=\r=_____(:_)\r=\r=\r","WinEventLog:Microsoft-Windows-Sysmon/Operational","WinEventLog:Microsoft-Windows-Sysmon/Operational","WIN-RCSL2HMR26K",,,
"Win10.nebula.local",12,"4
CreateKey","C:\Windows\System32\sdiagnhost.exe",None,"Microsoft-Windows-Sysmon/Operational","Registry object added or deleted:
RuleName: technique_id=T1130,technique_name=Install Root Certificate
EventType: CreateKey
UtcTime: 2019-07-01 13:30:19.750
ProcessGuid: {27E0225F-0AE5-5D1A-0000-001021064E00}
ProcessId: 5324
Image: C:\Windows\System32\sdiagnhost.exe
TargetObject: HKLM\SOFTWARE\Microsoft\EnterpriseCertificates\Root\Certificates",Info,"{27E0225F-0AE5-5D1A-0000-001021064E00}",5324,330176,"technique_id=T1130,technique_name=Install Root Certificate","S-1-5-18",0,"Microsoft-Windows-Sysmon","HKLM\SOFTWARE\Microsoft\EnterpriseCertificates\Root\Certificates","Registry object added or deleted (rule: RegistryEvent)",Information,"NOT_TRANSLATED","2019-07-01 13:30:19.750","07/01/2019 03:30:19 PM
LogName=Microsoft-Windows-Sysmon/Operational
SourceName=Microsoft-Windows-Sysmon
EventCode=12
EventType=4
Type=Information
ComputerName=Win10.nebula.local
User=NOT_TRANSLATED
Sid=S-1-5-18
SidType=0
TaskCategory=Registry object added or deleted (rule: RegistryEvent)
OpCode=Info
RecordNumber=330176
Keywords=None
Message=Registry object added or deleted:
RuleName: technique_id=T1130,technique_name=Install Root Certificate
EventType: CreateKey
UtcTime: 2019-07-01 13:30:19.750
ProcessGuid: {27E0225F-0AE5-5D1A-0000-001021064E00}
ProcessId: 5324
Image: C:\Windows\System32\sdiagnhost.exe
TargetObject: HKLM\SOFTWARE\Microsoft\EnterpriseCertificates\Root\Certificates","2019-07-01T15:30:19.000+0200",,Win10,main,22,"//_::_\r=--/\r=--\r=\r=\r=\r=..\r=\r=---\r=\r=_____(:_)\r=\r=\r","WinEventLog:Microsoft-Windows-Sysmon/Operational","WinEventLog:Microsoft-Windows-Sysmon/Operational","WIN-RCSL2HMR26K",,,
"Win10.nebula.local",12,"4
CreateKey","C:\Windows\System32\sdiagnhost.exe",None,"Microsoft-Windows-Sysmon/Operational","Registry object added or deleted:
RuleName: technique_id=T1130,technique_name=Install Root Certificate
EventType: CreateKey
UtcTime: 2019-07-01 13:30:19.750
ProcessGuid: {27E0225F-0AE5-5D1A-0000-001021064E00}
ProcessId: 5324
Image: C:\Windows\System32\sdiagnhost.exe
TargetObject: HKLM\SOFTWARE\Policies\Microsoft\SystemCertificates\Root\Certificates",Info,"{27E0225F-0AE5-5D1A-0000-001021064E00}",5324,330175,"technique_id=T1130,technique_name=Install Root Certificate","S-1-5-18",0,"Microsoft-Windows-Sysmon","HKLM\SOFTWARE\Policies\Microsoft\SystemCertificates\Root\Certificates","Registry object added or deleted (rule: RegistryEvent)",Information,"NOT_TRANSLATED","2019-07-01 13:30:19.750","07/01/2019 03:30:19 PM
LogName=Microsoft-Windows-Sysmon/Operational
SourceName=Microsoft-Windows-Sysmon
EventCode=12
EventType=4
Type=Information
ComputerName=Win10.nebula.local
User=NOT_TRANSLATED
Sid=S-1-5-18
SidType=0
TaskCategory=Registry object added or deleted (rule: RegistryEvent)
OpCode=Info
RecordNumber=330175
Keywords=None
Message=Registry object added or deleted:
RuleName: technique_id=T1130,technique_name=Install Root Certificate
EventType: CreateKey
UtcTime: 2019-07-01 13:30:19.750
ProcessGuid: {27E0225F-0AE5-5D1A-0000-001021064E00}
ProcessId: 5324
Image: C:\Windows\System32\sdiagnhost.exe
TargetObject: HKLM\SOFTWARE\Policies\Microsoft\SystemCertificates\Root\Certificates","2019-07-01T15:30:19.000+0200",,Win10,main,22,"//_::_\r=--/\r=--\r=\r=\r=\r=..\r=\r=---\r=\r=_____(:_)\r=\r=\r","WinEventLog:Microsoft-Windows-Sysmon/Operational","WinEventLog:Microsoft-Windows-Sysmon/Operational","WIN-RCSL2HMR26K",,,
"Win10.nebula.local",12,"4
CreateKey","C:\Windows\System32\sdiagnhost.exe",None,"Microsoft-Windows-Sysmon/Operational","Registry object added or deleted:
RuleName: technique_id=T1130,technique_name=Install Root Certificate
EventType: CreateKey
UtcTime: 2019-07-01 13:30:19.750
ProcessGuid: {27E0225F-0AE5-5D1A-0000-001021064E00}
ProcessId: 5324
Image: C:\Windows\System32\sdiagnhost.exe
TargetObject: HKLM\SOFTWARE\Microsoft\SystemCertificates\ROOT\Certificates",Info,"{27E0225F-0AE5-5D1A-0000-001021064E00}",5324,330174,"technique_id=T1130,technique_name=Install Root Certificate","S-1-5-18",0,"Microsoft-Windows-Sysmon","HKLM\SOFTWARE\Microsoft\SystemCertificates\ROOT\Certificates","Registry object added or deleted (rule: RegistryEvent)",Information,"NOT_TRANSLATED","2019-07-01 13:30:19.750","07/01/2019 03:30:19 PM
LogName=Microsoft-Windows-Sysmon/Operational
SourceName=Microsoft-Windows-Sysmon
EventCode=12
EventType=4
Type=Information
ComputerName=Win10.nebula.local
User=NOT_TRANSLATED
Sid=S-1-5-18
SidType=0
TaskCategory=Registry object added or deleted (rule: RegistryEvent)
OpCode=Info
RecordNumber=330174
Keywords=None
Message=Registry object added or deleted:
RuleName: technique_id=T1130,technique_name=Install Root Certificate
EventType: CreateKey
UtcTime: 2019-07-01 13:30:19.750
ProcessGuid: {27E0225F-0AE5-5D1A-0000-001021064E00}
ProcessId: 5324
Image: C:\Windows\System32\sdiagnhost.exe
TargetObject: HKLM\SOFTWARE\Microsoft\SystemCertificates\ROOT\Certificates","2019-07-01T15:30:19.000+0200",,Win10,main,22,"//_::_\r=--/\r=--\r=\r=\r=\r=..\r=\r=---\r=\r=_____(:_)\r=\r=\r","WinEventLog:Microsoft-Windows-Sysmon/Operational","WinEventLog:Microsoft-Windows-Sysmon/Operational","WIN-RCSL2HMR26K",,,
"Win10.nebula.local",12,"4
CreateKey","C:\Windows\System32\sdiagnhost.exe",None,"Microsoft-Windows-Sysmon/Operational","Registry object added or deleted:
RuleName: technique_id=T1130,technique_name=Install Root Certificate
EventType: CreateKey
UtcTime: 2019-07-01 13:30:19.750
ProcessGuid: {27E0225F-0AE5-5D1A-0000-001021064E00}
ProcessId: 5324
Image: C:\Windows\System32\sdiagnhost.exe
TargetObject: HKU\S-1-5-21-735301703-1408452038-2426828691-1001\Software\Microsoft\SystemCertificates\Root\Certificates",Info,"{27E0225F-0AE5-5D1A-0000-001021064E00}",5324,330173,"technique_id=T1130,technique_name=Install Root Certificate","S-1-5-18",0,"Microsoft-Windows-Sysmon","HKU\S-1-5-21-735301703-1408452038-2426828691-1001\Software\Microsoft\SystemCertificates\Root\Certificates","Registry object added or deleted (rule: RegistryEvent)",Information,"NOT_TRANSLATED","2019-07-01 13:30:19.750","07/01/2019 03:30:19 PM
LogName=Microsoft-Windows-Sysmon/Operational
SourceName=Microsoft-Windows-Sysmon
EventCode=12
EventType=4
Type=Information
ComputerName=Win10.nebula.local
User=NOT_TRANSLATED
Sid=S-1-5-18
SidType=0
TaskCategory=Registry object added or deleted (rule: RegistryEvent)
OpCode=Info
RecordNumber=330173
Keywords=None
Message=Registry object added or deleted:
RuleName: technique_id=T1130,technique_name=Install Root Certificate
EventType: CreateKey
UtcTime: 2019-07-01 13:30:19.750
ProcessGuid: {27E0225F-0AE5-5D1A-0000-001021064E00}
ProcessId: 5324
Image: C:\Windows\System32\sdiagnhost.exe
TargetObject: HKU\S-1-5-21-735301703-1408452038-2426828691-1001\Software\Microsoft\SystemCertificates\Root\Certificates","2019-07-01T15:30:19.000+0200",,Win10,main,22,"//_::_\r=--/\r=--\r=\r=\r=\r=..\r=\r=---\r=\r=_____(:_)\r=\r=\r","WinEventLog:Microsoft-Windows-Sysmon/Operational","WinEventLog:Microsoft-Windows-Sysmon/Operational","WIN-RCSL2HMR26K",,,
"Win10.nebula.local",12,"4
CreateKey","C:\Windows\system32\taskhostw.exe",None,"Microsoft-Windows-Sysmon/Operational","Registry object added or deleted:
RuleName: technique_id=T1130,technique_name=Install Root Certificate
EventType: CreateKey
UtcTime: 2019-07-01 13:30:13.016
ProcessGuid: {27E0225F-05DF-5D1A-0000-001030213600}
ProcessId: 412
Image: C:\Windows\system32\taskhostw.exe
TargetObject: HKLM\SOFTWARE\Microsoft\EnterpriseCertificates\Root\Certificates",Info,"{27E0225F-05DF-5D1A-0000-001030213600}",412,330126,"technique_id=T1130,technique_name=Install Root Certificate","S-1-5-18",0,"Microsoft-Windows-Sysmon","HKLM\SOFTWARE\Microsoft\EnterpriseCertificates\Root\Certificates","Registry object added or deleted (rule: RegistryEvent)",Information,"NOT_TRANSLATED","2019-07-01 13:30:13.016","07/01/2019 03:30:13 PM
LogName=Microsoft-Windows-Sysmon/Operational
SourceName=Microsoft-Windows-Sysmon
EventCode=12
EventType=4
Type=Information
ComputerName=Win10.nebula.local
User=NOT_TRANSLATED
Sid=S-1-5-18
SidType=0
TaskCategory=Registry object added or deleted (rule: RegistryEvent)
OpCode=Info
RecordNumber=330126
Keywords=None
Message=Registry object added or deleted:
RuleName: technique_id=T1130,technique_name=Install Root Certificate
EventType: CreateKey
UtcTime: 2019-07-01 13:30:13.016
ProcessGuid: {27E0225F-05DF-5D1A-0000-001030213600}
ProcessId: 412
Image: C:\Windows\system32\taskhostw.exe
TargetObject: HKLM\SOFTWARE\Microsoft\EnterpriseCertificates\Root\Certificates","2019-07-01T15:30:13.000+0200",,Win10,main,22,"//_::_\r=--/\r=--\r=\r=\r=\r=..\r=\r=---\r=\r=_____(:_)\r=\r=\r","WinEventLog:Microsoft-Windows-Sysmon/Operational","WinEventLog:Microsoft-Windows-Sysmon/Operational","WIN-RCSL2HMR26K",,,
"Win10.nebula.local",12,"4
CreateKey","C:\Windows\system32\taskhostw.exe",None,"Microsoft-Windows-Sysmon/Operational","Registry object added or deleted:
RuleName: technique_id=T1130,technique_name=Install Root Certificate
EventType: CreateKey
UtcTime: 2019-07-01 13:30:13.016
ProcessGuid: {27E0225F-05DF-5D1A-0000-001030213600}
ProcessId: 412
Image: C:\Windows\system32\taskhostw.exe
TargetObject: HKLM\SOFTWARE\Policies\Microsoft\SystemCertificates\Root\Certificates",Info,"{27E0225F-05DF-5D1A-0000-001030213600}",412,330125,"technique_id=T1130,technique_name=Install Root Certificate","S-1-5-18",0,"Microsoft-Windows-Sysmon","HKLM\SOFTWARE\Policies\Microsoft\SystemCertificates\Root\Certificates","Registry object added or deleted (rule: RegistryEvent)",Information,"NOT_TRANSLATED","2019-07-01 13:30:13.016","07/01/2019 03:30:13 PM
LogName=Microsoft-Windows-Sysmon/Operational
SourceName=Microsoft-Windows-Sysmon
EventCode=12
EventType=4
Type=Information
ComputerName=Win10.nebula.local
User=NOT_TRANSLATED
Sid=S-1-5-18
SidType=0
TaskCategory=Registry object added or deleted (rule: RegistryEvent)
OpCode=Info
RecordNumber=330125
Keywords=None
Message=Registry object added or deleted:
RuleName: technique_id=T1130,technique_name=Install Root Certificate
EventType: CreateKey
UtcTime: 2019-07-01 13:30:13.016
ProcessGuid: {27E0225F-05DF-5D1A-0000-001030213600}
ProcessId: 412
Image: C:\Windows\system32\taskhostw.exe
TargetObject: HKLM\SOFTWARE\Policies\Microsoft\SystemCertificates\Root\Certificates","2019-07-01T15:30:13.000+0200",,Win10,main,22,"//_::_\r=--/\r=--\r=\r=\r=\r=..\r=\r=---\r=\r=_____(:_)\r=\r=\r","WinEventLog:Microsoft-Windows-Sysmon/Operational","WinEventLog:Microsoft-Windows-Sysmon/Operational","WIN-RCSL2HMR26K",,,
"Win10.nebula.local",12,"4
CreateKey","C:\Windows\system32\taskhostw.exe",None,"Microsoft-Windows-Sysmon/Operational","Registry object added or deleted:
RuleName: technique_id=T1130,technique_name=Install Root Certificate
EventType: CreateKey
UtcTime: 2019-07-01 13:30:13.016
ProcessGuid: {27E0225F-05DF-5D1A-0000-001030213600}
ProcessId: 412
Image: C:\Windows\system32\taskhostw.exe
TargetObject: HKLM\SOFTWARE\Microsoft\SystemCertificates\ROOT\Certificates",Info,"{27E0225F-05DF-5D1A-0000-001030213600}",412,330124,"technique_id=T1130,technique_name=Install Root Certificate","S-1-5-18",0,"Microsoft-Windows-Sysmon","HKLM\SOFTWARE\Microsoft\SystemCertificates\ROOT\Certificates","Registry object added or deleted (rule: RegistryEvent)",Information,"NOT_TRANSLATED","2019-07-01 13:30:13.016","07/01/2019 03:30:13 PM
LogName=Microsoft-Windows-Sysmon/Operational
SourceName=Microsoft-Windows-Sysmon
EventCode=12
EventType=4
Type=Information
ComputerName=Win10.nebula.local
User=NOT_TRANSLATED
Sid=S-1-5-18
SidType=0
TaskCategory=Registry object added or deleted (rule: RegistryEvent)
OpCode=Info
RecordNumber=330124
Keywords=None
Message=Registry object added or deleted:
RuleName: technique_id=T1130,technique_name=Install Root Certificate
EventType: CreateKey
UtcTime: 2019-07-01 13:30:13.016
ProcessGuid: {27E0225F-05DF-5D1A-0000-001030213600}
ProcessId: 412
Image: C:\Windows\system32\taskhostw.exe
TargetObject: HKLM\SOFTWARE\Microsoft\SystemCertificates\ROOT\Certificates","2019-07-01T15:30:13.000+0200",,Win10,main,22,"//_::_\r=--/\r=--\r=\r=\r=\r=..\r=\r=---\r=\r=_____(:_)\r=\r=\r","WinEventLog:Microsoft-Windows-Sysmon/Operational","WinEventLog:Microsoft-Windows-Sysmon/Operational","WIN-RCSL2HMR26K",,,
"Win10.nebula.local",12,"4
CreateKey","C:\Windows\system32\taskhostw.exe",None,"Microsoft-Windows-Sysmon/Operational","Registry object added or deleted:
RuleName: technique_id=T1130,technique_name=Install Root Certificate
EventType: CreateKey
UtcTime: 2019-07-01 13:30:13.016
ProcessGuid: {27E0225F-05DF-5D1A-0000-001030213600}
ProcessId: 412
Image: C:\Windows\system32\taskhostw.exe
TargetObject: HKU\S-1-5-21-735301703-1408452038-2426828691-1001\Software\Microsoft\SystemCertificates\Root\Certificates",Info,"{27E0225F-05DF-5D1A-0000-001030213600}",412,330123,"technique_id=T1130,technique_name=Install Root Certificate","S-1-5-18",0,"Microsoft-Windows-Sysmon","HKU\S-1-5-21-735301703-1408452038-2426828691-1001\Software\Microsoft\SystemCertificates\Root\Certificates","Registry object added or deleted (rule: RegistryEvent)",Information,"NOT_TRANSLATED","2019-07-01 13:30:13.016","07/01/2019 03:30:13 PM
LogName=Microsoft-Windows-Sysmon/Operational
SourceName=Microsoft-Windows-Sysmon
EventCode=12
EventType=4
Type=Information
ComputerName=Win10.nebula.local
User=NOT_TRANSLATED
Sid=S-1-5-18
SidType=0
TaskCategory=Registry object added or deleted (rule: RegistryEvent)
OpCode=Info
RecordNumber=330123
Keywords=None
Message=Registry object added or deleted:
RuleName: technique_id=T1130,technique_name=Install Root Certificate
EventType: CreateKey
UtcTime: 2019-07-01 13:30:13.016
ProcessGuid: {27E0225F-05DF-5D1A-0000-001030213600}
ProcessId: 412
Image: C:\Windows\system32\taskhostw.exe
TargetObject: HKU\S-1-5-21-735301703-1408452038-2426828691-1001\Software\Microsoft\SystemCertificates\Root\Certificates","2019-07-01T15:30:13.000+0200",,Win10,main,22,"//_::_\r=--/\r=--\r=\r=\r=\r=..\r=\r=---\r=\r=_____(:_)\r=\r=\r","WinEventLog:Microsoft-Windows-Sysmon/Operational","WinEventLog:Microsoft-Windows-Sysmon/Operational","WIN-RCSL2HMR26K",,,
"Win10.nebula.local",12,"4
CreateKey","C:\Windows\system32\consent.exe",None,"Microsoft-Windows-Sysmon/Operational","Registry object added or deleted:
RuleName: technique_id=T1130,technique_name=Install Root Certificate
EventType: CreateKey
UtcTime: 2019-07-01 13:11:21.751
ProcessGuid: {27E0225F-0679-5D1A-0000-00108FC63B00}
ProcessId: 84
Image: C:\Windows\system32\consent.exe
TargetObject: HKU\S-1-5-21-735301703-1408452038-2426828691-1001\Software\Microsoft\SystemCertificates\Root\Certificates",Info,"{27E0225F-0679-5D1A-0000-00108FC63B00}",84,327722,"technique_id=T1130,technique_name=Install Root Certificate","S-1-5-18",0,"Microsoft-Windows-Sysmon","HKU\S-1-5-21-735301703-1408452038-2426828691-1001\Software\Microsoft\SystemCertificates\Root\Certificates","Registry object added or deleted (rule: RegistryEvent)",Information,"NOT_TRANSLATED","2019-07-01 13:11:21.751","07/01/2019 03:11:21 PM
LogName=Microsoft-Windows-Sysmon/Operational
SourceName=Microsoft-Windows-Sysmon
EventCode=12
EventType=4
Type=Information
ComputerName=Win10.nebula.local
User=NOT_TRANSLATED
Sid=S-1-5-18
SidType=0
TaskCategory=Registry object added or deleted (rule: RegistryEvent)
OpCode=Info
RecordNumber=327722
Keywords=None
Message=Registry object added or deleted:
RuleName: technique_id=T1130,technique_name=Install Root Certificate
EventType: CreateKey
UtcTime: 2019-07-01 13:11:21.751
ProcessGuid: {27E0225F-0679-5D1A-0000-00108FC63B00}
ProcessId: 84
Image: C:\Windows\system32\consent.exe
TargetObject: HKU\S-1-5-21-735301703-1408452038-2426828691-1001\Software\Microsoft\SystemCertificates\Root\Certificates","2019-07-01T15:11:21.000+0200",,Win10,main,22,"//_::_\r=--/\r=--\r=\r=\r=\r=..\r=\r=---\r=\r=_____(:_)\r=\r=\r","WinEventLog:Microsoft-Windows-Sysmon/Operational","WinEventLog:Microsoft-Windows-Sysmon/Operational","WIN-RCSL2HMR26K",,,
"Win10.nebula.local",12,"4
CreateKey","C:\Windows\System32\svchost.exe",None,"Microsoft-Windows-Sysmon/Operational","Registry object added or deleted:
RuleName: technique_id=T1130,technique_name=Install Root Certificate
EventType: CreateKey
UtcTime: 2019-07-01 13:09:13.954
ProcessGuid: {27E0225F-025B-5D1A-0000-0010FEA70200}
ProcessId: 2852
Image: C:\Windows\System32\svchost.exe
TargetObject: HKLM\SOFTWARE\Microsoft\EnterpriseCertificates\Root\Certificates",Info,"{27E0225F-025B-5D1A-0000-0010FEA70200}",2852,325668,"technique_id=T1130,technique_name=Install Root Certificate","S-1-5-18",0,"Microsoft-Windows-Sysmon","HKLM\SOFTWARE\Microsoft\EnterpriseCertificates\Root\Certificates","Registry object added or deleted (rule: RegistryEvent)",Information,"NOT_TRANSLATED","2019-07-01 13:09:13.954","07/01/2019 03:09:14 PM
LogName=Microsoft-Windows-Sysmon/Operational
SourceName=Microsoft-Windows-Sysmon
EventCode=12
EventType=4
Type=Information
ComputerName=Win10.nebula.local
User=NOT_TRANSLATED
Sid=S-1-5-18
SidType=0
TaskCategory=Registry object added or deleted (rule: RegistryEvent)
OpCode=Info
RecordNumber=325668
Keywords=None
Message=Registry object added or deleted:
RuleName: technique_id=T1130,technique_name=Install Root Certificate
EventType: CreateKey
UtcTime: 2019-07-01 13:09:13.954
ProcessGuid: {27E0225F-025B-5D1A-0000-0010FEA70200}
ProcessId: 2852
Image: C:\Windows\System32\svchost.exe
TargetObject: HKLM\SOFTWARE\Microsoft\EnterpriseCertificates\Root\Certificates","2019-07-01T15:09:14.000+0200",,Win10,main,22,"//_::_\r=--/\r=--\r=\r=\r=\r=..\r=\r=---\r=\r=_____(:_)\r=\r=\r","WinEventLog:Microsoft-Windows-Sysmon/Operational","WinEventLog:Microsoft-Windows-Sysmon/Operational","WIN-RCSL2HMR26K",,,
"Win10.nebula.local",12,"4
CreateKey","C:\Windows\System32\svchost.exe",None,"Microsoft-Windows-Sysmon/Operational","Registry object added or deleted:
RuleName: technique_id=T1130,technique_name=Install Root Certificate
EventType: CreateKey
UtcTime: 2019-07-01 13:09:13.954
ProcessGuid: {27E0225F-025B-5D1A-0000-0010FEA70200}
ProcessId: 2852
Image: C:\Windows\System32\svchost.exe
TargetObject: HKLM\SOFTWARE\Policies\Microsoft\SystemCertificates\Root\Certificates",Info,"{27E0225F-025B-5D1A-0000-0010FEA70200}",2852,325667,"technique_id=T1130,technique_name=Install Root Certificate","S-1-5-18",0,"Microsoft-Windows-Sysmon","HKLM\SOFTWARE\Policies\Microsoft\SystemCertificates\Root\Certificates","Registry object added or deleted (rule: RegistryEvent)",Information,"NOT_TRANSLATED","2019-07-01 13:09:13.954","07/01/2019 03:09:13 PM
LogName=Microsoft-Windows-Sysmon/Operational
SourceName=Microsoft-Windows-Sysmon
EventCode=12
EventType=4
Type=Information
ComputerName=Win10.nebula.local
User=NOT_TRANSLATED
Sid=S-1-5-18
SidType=0
TaskCategory=Registry object added or deleted (rule: RegistryEvent)
OpCode=Info
RecordNumber=325667
Keywords=None
Message=Registry object added or deleted:
RuleName: technique_id=T1130,technique_name=Install Root Certificate
EventType: CreateKey
UtcTime: 2019-07-01 13:09:13.954
ProcessGuid: {27E0225F-025B-5D1A-0000-0010FEA70200}
ProcessId: 2852
Image: C:\Windows\System32\svchost.exe
TargetObject: HKLM\SOFTWARE\Policies\Microsoft\SystemCertificates\Root\Certificates","2019-07-01T15:09:13.000+0200",,Win10,main,22,"//_::_\r=--/\r=--\r=\r=\r=\r=..\r=\r=---\r=\r=_____(:_)\r=\r=\r","WinEventLog:Microsoft-Windows-Sysmon/Operational","WinEventLog:Microsoft-Windows-Sysmon/Operational","WIN-RCSL2HMR26K",,,
"Win10.nebula.local",12,"4
CreateKey","C:\Windows\System32\svchost.exe",None,"Microsoft-Windows-Sysmon/Operational","Registry object added or deleted:
RuleName: technique_id=T1130,technique_name=Install Root Certificate
EventType: CreateKey
UtcTime: 2019-07-01 13:09:13.954
ProcessGuid: {27E0225F-025B-5D1A-0000-0010FEA70200}
ProcessId: 2852
Image: C:\Windows\System32\svchost.exe
TargetObject: HKLM\SOFTWARE\Microsoft\SystemCertificates\ROOT\Certificates",Info,"{27E0225F-025B-5D1A-0000-0010FEA70200}",2852,325666,"technique_id=T1130,technique_name=Install Root Certificate","S-1-5-18",0,"Microsoft-Windows-Sysmon","HKLM\SOFTWARE\Microsoft\SystemCertificates\ROOT\Certificates","Registry object added or deleted (rule: RegistryEvent)",Information,"NOT_TRANSLATED","2019-07-01 13:09:13.954","07/01/2019 03:09:13 PM
LogName=Microsoft-Windows-Sysmon/Operational
SourceName=Microsoft-Windows-Sysmon
EventCode=12
EventType=4
Type=Information
ComputerName=Win10.nebula.local
User=NOT_TRANSLATED
Sid=S-1-5-18
SidType=0
TaskCategory=Registry object added or deleted (rule: RegistryEvent)
OpCode=Info
RecordNumber=325666
Keywords=None
Message=Registry object added or deleted:
RuleName: technique_id=T1130,technique_name=Install Root Certificate
EventType: CreateKey
UtcTime: 2019-07-01 13:09:13.954
ProcessGuid: {27E0225F-025B-5D1A-0000-0010FEA70200}
ProcessId: 2852
Image: C:\Windows\System32\svchost.exe
TargetObject: HKLM\SOFTWARE\Microsoft\SystemCertificates\ROOT\Certificates","2019-07-01T15:09:13.000+0200",,Win10,main,22,"//_::_\r=--/\r=--\r=\r=\r=\r=..\r=\r=---\r=\r=_____(:_)\r=\r=\r","WinEventLog:Microsoft-Windows-Sysmon/Operational","WinEventLog:Microsoft-Windows-Sysmon/Operational","WIN-RCSL2HMR26K",,,
"Win10.nebula.local",12,"4
CreateKey","C:\Windows\System32\svchost.exe",None,"Microsoft-Windows-Sysmon/Operational","Registry object added or deleted:
RuleName: technique_id=T1130,technique_name=Install Root Certificate
EventType: CreateKey
UtcTime: 2019-07-01 13:09:13.954
ProcessGuid: {27E0225F-025B-5D1A-0000-0010FEA70200}
ProcessId: 2852
Image: C:\Windows\System32\svchost.exe
TargetObject: HKU\.DEFAULT\Software\Microsoft\SystemCertificates\Root\Certificates",Info,"{27E0225F-025B-5D1A-0000-0010FEA70200}",2852,325665,"technique_id=T1130,technique_name=Install Root Certificate","S-1-5-18",0,"Microsoft-Windows-Sysmon","HKU\.DEFAULT\Software\Microsoft\SystemCertificates\Root\Certificates","Registry object added or deleted (rule: RegistryEvent)",Information,"NOT_TRANSLATED","2019-07-01 13:09:13.954","07/01/2019 03:09:13 PM
LogName=Microsoft-Windows-Sysmon/Operational
SourceName=Microsoft-Windows-Sysmon
EventCode=12
EventType=4
Type=Information
ComputerName=Win10.nebula.local
User=NOT_TRANSLATED
Sid=S-1-5-18
SidType=0
TaskCategory=Registry object added or deleted (rule: RegistryEvent)
OpCode=Info
RecordNumber=325665
Keywords=None
Message=Registry object added or deleted:
RuleName: technique_id=T1130,technique_name=Install Root Certificate
EventType: CreateKey
UtcTime: 2019-07-01 13:09:13.954
ProcessGuid: {27E0225F-025B-5D1A-0000-0010FEA70200}
ProcessId: 2852
Image: C:\Windows\System32\svchost.exe
TargetObject: HKU\.DEFAULT\Software\Microsoft\SystemCertificates\Root\Certificates","2019-07-01T15:09:13.000+0200",,Win10,main,22,"//_::_\r=--/\r=--\r=\r=\r=\r=..\r=\r=---\r=\r=_____(:_)\r=\r=\r","WinEventLog:Microsoft-Windows-Sysmon/Operational","WinEventLog:Microsoft-Windows-Sysmon/Operational","WIN-RCSL2HMR26K",,,
"Win10.nebula.local",12,"4
CreateKey","C:\Windows\system32\consent.exe",None,"Microsoft-Windows-Sysmon/Operational","Registry object added or deleted:
RuleName: technique_id=T1130,technique_name=Install Root Certificate
EventType: CreateKey
UtcTime: 2019-07-01 13:08:40.142
ProcessGuid: {27E0225F-05D7-5D1A-0000-0010069A3500}
ProcessId: 308
Image: C:\Windows\system32\consent.exe
TargetObject: HKU\S-1-5-21-735301703-1408452038-2426828691-1001\Software\Microsoft\SystemCertificates\Root\Certificates",Info,"{27E0225F-05D7-5D1A-0000-0010069A3500}",308,325597,"technique_id=T1130,technique_name=Install Root Certificate","S-1-5-18",0,"Microsoft-Windows-Sysmon","HKU\S-1-5-21-735301703-1408452038-2426828691-1001\Software\Microsoft\SystemCertificates\Root\Certificates","Registry object added or deleted (rule: RegistryEvent)",Information,"NOT_TRANSLATED","2019-07-01 13:08:40.142","07/01/2019 03:08:40 PM
LogName=Microsoft-Windows-Sysmon/Operational
SourceName=Microsoft-Windows-Sysmon
EventCode=12
EventType=4
Type=Information
ComputerName=Win10.nebula.local
User=NOT_TRANSLATED
Sid=S-1-5-18
SidType=0
TaskCategory=Registry object added or deleted (rule: RegistryEvent)
OpCode=Info
RecordNumber=325597
Keywords=None
Message=Registry object added or deleted:
RuleName: technique_id=T1130,technique_name=Install Root Certificate
EventType: CreateKey
UtcTime: 2019-07-01 13:08:40.142
ProcessGuid: {27E0225F-05D7-5D1A-0000-0010069A3500}
ProcessId: 308
Image: C:\Windows\system32\consent.exe
TargetObject: HKU\S-1-5-21-735301703-1408452038-2426828691-1001\Software\Microsoft\SystemCertificates\Root\Certificates","2019-07-01T15:08:40.000+0200",,Win10,main,22,"//_::_\r=--/\r=--\r=\r=\r=\r=..\r=\r=---\r=\r=_____(:_)\r=\r=\r","WinEventLog:Microsoft-Windows-Sysmon/Operational","WinEventLog:Microsoft-Windows-Sysmon/Operational","WIN-RCSL2HMR26K",,,
"Win10.nebula.local",12,"4
CreateKey","C:\Windows\system32\consent.exe",None,"Microsoft-Windows-Sysmon/Operational","Registry object added or deleted:
RuleName: technique_id=T1130,technique_name=Install Root Certificate
EventType: CreateKey
UtcTime: 2019-07-01 13:06:04.672
ProcessGuid: {27E0225F-053C-5D1A-0000-001015973200}
ProcessId: 1792
Image: C:\Windows\system32\consent.exe
TargetObject: HKU\S-1-5-21-735301703-1408452038-2426828691-1001\Software\Microsoft\SystemCertificates\Root\Certificates",Info,"{27E0225F-053C-5D1A-0000-001015973200}",1792,325440,"technique_id=T1130,technique_name=Install Root Certificate","S-1-5-18",0,"Microsoft-Windows-Sysmon","HKU\S-1-5-21-735301703-1408452038-2426828691-1001\Software\Microsoft\SystemCertificates\Root\Certificates","Registry object added or deleted (rule: RegistryEvent)",Information,"NOT_TRANSLATED","2019-07-01 13:06:04.672","07/01/2019 03:06:04 PM
LogName=Microsoft-Windows-Sysmon/Operational
SourceName=Microsoft-Windows-Sysmon
EventCode=12
EventType=4
Type=Information
ComputerName=Win10.nebula.local
User=NOT_TRANSLATED
Sid=S-1-5-18
SidType=0
TaskCategory=Registry object added or deleted (rule: RegistryEvent)
OpCode=Info
RecordNumber=325440
Keywords=None
Message=Registry object added or deleted:
RuleName: technique_id=T1130,technique_name=Install Root Certificate
EventType: CreateKey
UtcTime: 2019-07-01 13:06:04.672
ProcessGuid: {27E0225F-053C-5D1A-0000-001015973200}
ProcessId: 1792
Image: C:\Windows\system32\consent.exe
TargetObject: HKU\S-1-5-21-735301703-1408452038-2426828691-1001\Software\Microsoft\SystemCertificates\Root\Certificates","2019-07-01T15:06:04.000+0200",,Win10,main,22,"//_::_\r=--/\r=--\r=\r=\r=\r=..\r=\r=---\r=\r=_____(:_)\r=\r=\r","WinEventLog:Microsoft-Windows-Sysmon/Operational","WinEventLog:Microsoft-Windows-Sysmon/Operational","WIN-RCSL2HMR26K",,,
"Win10.nebula.local",12,"4
CreateKey","C:\Windows\system32\consent.exe",None,"Microsoft-Windows-Sysmon/Operational","Registry object added or deleted:
RuleName: technique_id=T1130,technique_name=Install Root Certificate
EventType: CreateKey
UtcTime: 2019-07-01 13:00:16.071
ProcessGuid: {27E0225F-03DF-5D1A-0000-0010A9C02600}
ProcessId: 7712
Image: C:\Windows\system32\consent.exe
TargetObject: HKU\S-1-5-21-735301703-1408452038-2426828691-1001\Software\Microsoft\SystemCertificates\Root\Certificates",Info,"{27E0225F-03DF-5D1A-0000-0010A9C02600}",7712,325087,"technique_id=T1130,technique_name=Install Root Certificate","S-1-5-18",0,"Microsoft-Windows-Sysmon","HKU\S-1-5-21-735301703-1408452038-2426828691-1001\Software\Microsoft\SystemCertificates\Root\Certificates","Registry object added or deleted (rule: RegistryEvent)",Information,"NOT_TRANSLATED","2019-07-01 13:00:16.071","07/01/2019 03:00:16 PM
LogName=Microsoft-Windows-Sysmon/Operational
SourceName=Microsoft-Windows-Sysmon
EventCode=12
EventType=4
Type=Information
ComputerName=Win10.nebula.local
User=NOT_TRANSLATED
Sid=S-1-5-18
SidType=0
TaskCategory=Registry object added or deleted (rule: RegistryEvent)
OpCode=Info
RecordNumber=325087
Keywords=None
Message=Registry object added or deleted:
RuleName: technique_id=T1130,technique_name=Install Root Certificate
EventType: CreateKey
UtcTime: 2019-07-01 13:00:16.071
ProcessGuid: {27E0225F-03DF-5D1A-0000-0010A9C02600}
ProcessId: 7712
Image: C:\Windows\system32\consent.exe
TargetObject: HKU\S-1-5-21-735301703-1408452038-2426828691-1001\Software\Microsoft\SystemCertificates\Root\Certificates","2019-07-01T15:00:16.000+0200",,Win10,main,22,"//_::_\r=--/\r=--\r=\r=\r=\r=..\r=\r=---\r=\r=_____(:_)\r=\r=\r","WinEventLog:Microsoft-Windows-Sysmon/Operational","WinEventLog:Microsoft-Windows-Sysmon/Operational","WIN-RCSL2HMR26K",,,
"Win10.nebula.local",12,"4
CreateKey","C:\Windows\system32\svchost.exe",None,"Microsoft-Windows-Sysmon/Operational","Registry object added or deleted:
RuleName: technique_id=T1130,technique_name=Install Root Certificate
EventType: CreateKey
UtcTime: 2019-07-01 13:00:15.618
ProcessGuid: {27E0225F-0252-5D1A-0000-001089300100}
ProcessId: 1116
Image: C:\Windows\system32\svchost.exe
TargetObject: HKU\S-1-5-21-735301703-1408452038-2426828691-1001\Software\Microsoft\SystemCertificates\Root\Certificates",Info,"{27E0225F-0252-5D1A-0000-001089300100}",1116,325085,"technique_id=T1130,technique_name=Install Root Certificate","S-1-5-18",0,"Microsoft-Windows-Sysmon","HKU\S-1-5-21-735301703-1408452038-2426828691-1001\Software\Microsoft\SystemCertificates\Root\Certificates","Registry object added or deleted (rule: RegistryEvent)",Information,"NOT_TRANSLATED","2019-07-01 13:00:15.618","07/01/2019 03:00:15 PM
LogName=Microsoft-Windows-Sysmon/Operational
SourceName=Microsoft-Windows-Sysmon
EventCode=12
EventType=4
Type=Information
