ComputerName=Win10.nebula.local
User=NOT_TRANSLATED
Sid=S-1-5-18
SidType=0
TaskCategory=Registry object added or deleted (rule: RegistryEvent)
OpCode=Info
RecordNumber=323498
Keywords=None
Message=Registry object added or deleted:
RuleName: technique_id=T1130,technique_name=Install Root Certificate
EventType: CreateKey
UtcTime: 2019-07-01 12:57:12.814
ProcessGuid: {27E0225F-0258-5D1A-0000-001001490200}
ProcessId: 2236
Image: C:\Windows\system32\svchost.exe
TargetObject: HKLM\SOFTWARE\Microsoft\EnterpriseCertificates\Root\Certificates","2019-07-01T14:57:12.000+0200",,Win10,main,22,"//_::_\r=--/\r=--\r=\r=\r=\r=..\r=\r=---\r=\r=_____(:_)\r=\r=\r","WinEventLog:Microsoft-Windows-Sysmon/Operational","WinEventLog:Microsoft-Windows-Sysmon/Operational","WIN-RCSL2HMR26K",,,
"Win10.nebula.local",12,"4
CreateKey","C:\Windows\system32\svchost.exe",None,"Microsoft-Windows-Sysmon/Operational","Registry object added or deleted:
RuleName: technique_id=T1130,technique_name=Install Root Certificate
EventType: CreateKey
UtcTime: 2019-07-01 12:57:12.814
ProcessGuid: {27E0225F-0258-5D1A-0000-001001490200}
ProcessId: 2236
Image: C:\Windows\system32\svchost.exe
TargetObject: HKLM\SOFTWARE\Policies\Microsoft\SystemCertificates\Root\Certificates",Info,"{27E0225F-0258-5D1A-0000-001001490200}",2236,323497,"technique_id=T1130,technique_name=Install Root Certificate","S-1-5-18",0,"Microsoft-Windows-Sysmon","HKLM\SOFTWARE\Policies\Microsoft\SystemCertificates\Root\Certificates","Registry object added or deleted (rule: RegistryEvent)",Information,"NOT_TRANSLATED","2019-07-01 12:57:12.814","07/01/2019 02:57:12 PM
LogName=Microsoft-Windows-Sysmon/Operational
SourceName=Microsoft-Windows-Sysmon
EventCode=12
EventType=4
Type=Information
ComputerName=Win10.nebula.local
User=NOT_TRANSLATED
Sid=S-1-5-18
SidType=0
TaskCategory=Registry object added or deleted (rule: RegistryEvent)
OpCode=Info
RecordNumber=323497
Keywords=None
Message=Registry object added or deleted:
RuleName: technique_id=T1130,technique_name=Install Root Certificate
EventType: CreateKey
UtcTime: 2019-07-01 12:57:12.814
ProcessGuid: {27E0225F-0258-5D1A-0000-001001490200}
ProcessId: 2236
Image: C:\Windows\system32\svchost.exe
TargetObject: HKLM\SOFTWARE\Policies\Microsoft\SystemCertificates\Root\Certificates","2019-07-01T14:57:12.000+0200",,Win10,main,22,"//_::_\r=--/\r=--\r=\r=\r=\r=..\r=\r=---\r=\r=_____(:_)\r=\r=\r","WinEventLog:Microsoft-Windows-Sysmon/Operational","WinEventLog:Microsoft-Windows-Sysmon/Operational","WIN-RCSL2HMR26K",,,
"Win10.nebula.local",12,"4
CreateKey","C:\Windows\system32\svchost.exe",None,"Microsoft-Windows-Sysmon/Operational","Registry object added or deleted:
RuleName: technique_id=T1130,technique_name=Install Root Certificate
EventType: CreateKey
UtcTime: 2019-07-01 12:57:12.814
ProcessGuid: {27E0225F-0258-5D1A-0000-001001490200}
ProcessId: 2236
Image: C:\Windows\system32\svchost.exe
TargetObject: HKLM\SOFTWARE\Microsoft\SystemCertificates\ROOT\Certificates",Info,"{27E0225F-0258-5D1A-0000-001001490200}",2236,323496,"technique_id=T1130,technique_name=Install Root Certificate","S-1-5-18",0,"Microsoft-Windows-Sysmon","HKLM\SOFTWARE\Microsoft\SystemCertificates\ROOT\Certificates","Registry object added or deleted (rule: RegistryEvent)",Information,"NOT_TRANSLATED","2019-07-01 12:57:12.814","07/01/2019 02:57:12 PM
LogName=Microsoft-Windows-Sysmon/Operational
SourceName=Microsoft-Windows-Sysmon
EventCode=12
EventType=4
Type=Information
ComputerName=Win10.nebula.local
User=NOT_TRANSLATED
Sid=S-1-5-18
SidType=0
TaskCategory=Registry object added or deleted (rule: RegistryEvent)
OpCode=Info
RecordNumber=323496
Keywords=None
Message=Registry object added or deleted:
RuleName: technique_id=T1130,technique_name=Install Root Certificate
EventType: CreateKey
UtcTime: 2019-07-01 12:57:12.814
ProcessGuid: {27E0225F-0258-5D1A-0000-001001490200}
ProcessId: 2236
Image: C:\Windows\system32\svchost.exe
TargetObject: HKLM\SOFTWARE\Microsoft\SystemCertificates\ROOT\Certificates","2019-07-01T14:57:12.000+0200",,Win10,main,22,"//_::_\r=--/\r=--\r=\r=\r=\r=..\r=\r=---\r=\r=_____(:_)\r=\r=\r","WinEventLog:Microsoft-Windows-Sysmon/Operational","WinEventLog:Microsoft-Windows-Sysmon/Operational","WIN-RCSL2HMR26K",,,
"Win10.nebula.local",12,"4
CreateKey","C:\Windows\system32\svchost.exe",None,"Microsoft-Windows-Sysmon/Operational","Registry object added or deleted:
RuleName: technique_id=T1130,technique_name=Install Root Certificate
EventType: CreateKey
UtcTime: 2019-07-01 12:57:10.954
ProcessGuid: {27E0225F-0258-5D1A-0000-001001490200}
ProcessId: 2236
Image: C:\Windows\system32\svchost.exe
TargetObject: HKLM\SOFTWARE\Microsoft\EnterpriseCertificates\Root\Certificates",Info,"{27E0225F-0258-5D1A-0000-001001490200}",2236,323463,"technique_id=T1130,technique_name=Install Root Certificate","S-1-5-18",0,"Microsoft-Windows-Sysmon","HKLM\SOFTWARE\Microsoft\EnterpriseCertificates\Root\Certificates","Registry object added or deleted (rule: RegistryEvent)",Information,"NOT_TRANSLATED","2019-07-01 12:57:10.954","07/01/2019 02:57:11 PM
LogName=Microsoft-Windows-Sysmon/Operational
SourceName=Microsoft-Windows-Sysmon
EventCode=12
EventType=4
Type=Information
ComputerName=Win10.nebula.local
User=NOT_TRANSLATED
Sid=S-1-5-18
SidType=0
TaskCategory=Registry object added or deleted (rule: RegistryEvent)
OpCode=Info
RecordNumber=323463
Keywords=None
Message=Registry object added or deleted:
RuleName: technique_id=T1130,technique_name=Install Root Certificate
EventType: CreateKey
UtcTime: 2019-07-01 12:57:10.954
ProcessGuid: {27E0225F-0258-5D1A-0000-001001490200}
ProcessId: 2236
Image: C:\Windows\system32\svchost.exe
TargetObject: HKLM\SOFTWARE\Microsoft\EnterpriseCertificates\Root\Certificates","2019-07-01T14:57:11.000+0200",,Win10,main,22,"//_::_\r=--/\r=--\r=\r=\r=\r=..\r=\r=---\r=\r=_____(:_)\r=\r=\r","WinEventLog:Microsoft-Windows-Sysmon/Operational","WinEventLog:Microsoft-Windows-Sysmon/Operational","WIN-RCSL2HMR26K",,,
"Win10.nebula.local",12,"4
CreateKey","C:\Windows\system32\svchost.exe",None,"Microsoft-Windows-Sysmon/Operational","Registry object added or deleted:
RuleName: technique_id=T1130,technique_name=Install Root Certificate
EventType: CreateKey
UtcTime: 2019-07-01 12:57:10.954
ProcessGuid: {27E0225F-0258-5D1A-0000-001001490200}
ProcessId: 2236
Image: C:\Windows\system32\svchost.exe
TargetObject: HKLM\SOFTWARE\Policies\Microsoft\SystemCertificates\Root\Certificates",Info,"{27E0225F-0258-5D1A-0000-001001490200}",2236,323462,"technique_id=T1130,technique_name=Install Root Certificate","S-1-5-18",0,"Microsoft-Windows-Sysmon","HKLM\SOFTWARE\Policies\Microsoft\SystemCertificates\Root\Certificates","Registry object added or deleted (rule: RegistryEvent)",Information,"NOT_TRANSLATED","2019-07-01 12:57:10.954","07/01/2019 02:57:11 PM
LogName=Microsoft-Windows-Sysmon/Operational
SourceName=Microsoft-Windows-Sysmon
EventCode=12
EventType=4
Type=Information
ComputerName=Win10.nebula.local
User=NOT_TRANSLATED
Sid=S-1-5-18
SidType=0
TaskCategory=Registry object added or deleted (rule: RegistryEvent)
OpCode=Info
RecordNumber=323462
Keywords=None
Message=Registry object added or deleted:
RuleName: technique_id=T1130,technique_name=Install Root Certificate
EventType: CreateKey
UtcTime: 2019-07-01 12:57:10.954
ProcessGuid: {27E0225F-0258-5D1A-0000-001001490200}
ProcessId: 2236
Image: C:\Windows\system32\svchost.exe
TargetObject: HKLM\SOFTWARE\Policies\Microsoft\SystemCertificates\Root\Certificates","2019-07-01T14:57:11.000+0200",,Win10,main,22,"//_::_\r=--/\r=--\r=\r=\r=\r=..\r=\r=---\r=\r=_____(:_)\r=\r=\r","WinEventLog:Microsoft-Windows-Sysmon/Operational","WinEventLog:Microsoft-Windows-Sysmon/Operational","WIN-RCSL2HMR26K",,,
"Win10.nebula.local",12,"4
CreateKey","C:\Windows\system32\svchost.exe",None,"Microsoft-Windows-Sysmon/Operational","Registry object added or deleted:
RuleName: technique_id=T1130,technique_name=Install Root Certificate
EventType: CreateKey
UtcTime: 2019-07-01 12:57:10.954
ProcessGuid: {27E0225F-0258-5D1A-0000-001001490200}
ProcessId: 2236
Image: C:\Windows\system32\svchost.exe
TargetObject: HKLM\SOFTWARE\Microsoft\SystemCertificates\ROOT\Certificates",Info,"{27E0225F-0258-5D1A-0000-001001490200}",2236,323461,"technique_id=T1130,technique_name=Install Root Certificate","S-1-5-18",0,"Microsoft-Windows-Sysmon","HKLM\SOFTWARE\Microsoft\SystemCertificates\ROOT\Certificates","Registry object added or deleted (rule: RegistryEvent)",Information,"NOT_TRANSLATED","2019-07-01 12:57:10.954","07/01/2019 02:57:11 PM
LogName=Microsoft-Windows-Sysmon/Operational
SourceName=Microsoft-Windows-Sysmon
EventCode=12
EventType=4
Type=Information
ComputerName=Win10.nebula.local
User=NOT_TRANSLATED
Sid=S-1-5-18
SidType=0
TaskCategory=Registry object added or deleted (rule: RegistryEvent)
OpCode=Info
RecordNumber=323461
Keywords=None
Message=Registry object added or deleted:
RuleName: technique_id=T1130,technique_name=Install Root Certificate
EventType: CreateKey
UtcTime: 2019-07-01 12:57:10.954
ProcessGuid: {27E0225F-0258-5D1A-0000-001001490200}
ProcessId: 2236
Image: C:\Windows\system32\svchost.exe
TargetObject: HKLM\SOFTWARE\Microsoft\SystemCertificates\ROOT\Certificates","2019-07-01T14:57:11.000+0200",,Win10,main,22,"//_::_\r=--/\r=--\r=\r=\r=\r=..\r=\r=---\r=\r=_____(:_)\r=\r=\r","WinEventLog:Microsoft-Windows-Sysmon/Operational","WinEventLog:Microsoft-Windows-Sysmon/Operational","WIN-RCSL2HMR26K",,,
"Win10.nebula.local",12,"4
CreateKey","C:\Windows\system32\svchost.exe",None,"Microsoft-Windows-Sysmon/Operational","Registry object added or deleted:
RuleName: technique_id=T1130,technique_name=Install Root Certificate
EventType: CreateKey
UtcTime: 2019-07-01 12:57:00.964
ProcessGuid: {27E0225F-0258-5D1A-0000-001001490200}
ProcessId: 2236
Image: C:\Windows\system32\svchost.exe
TargetObject: HKLM\SOFTWARE\Microsoft\EnterpriseCertificates\Root\Certificates",Info,"{27E0225F-0258-5D1A-0000-001001490200}",2236,323392,"technique_id=T1130,technique_name=Install Root Certificate","S-1-5-18",0,"Microsoft-Windows-Sysmon","HKLM\SOFTWARE\Microsoft\EnterpriseCertificates\Root\Certificates","Registry object added or deleted (rule: RegistryEvent)",Information,"NOT_TRANSLATED","2019-07-01 12:57:00.964","07/01/2019 02:57:01 PM
LogName=Microsoft-Windows-Sysmon/Operational
SourceName=Microsoft-Windows-Sysmon
EventCode=12
EventType=4
Type=Information
ComputerName=Win10.nebula.local
User=NOT_TRANSLATED
Sid=S-1-5-18
SidType=0
TaskCategory=Registry object added or deleted (rule: RegistryEvent)
OpCode=Info
RecordNumber=323392
Keywords=None
Message=Registry object added or deleted:
RuleName: technique_id=T1130,technique_name=Install Root Certificate
EventType: CreateKey
UtcTime: 2019-07-01 12:57:00.964
ProcessGuid: {27E0225F-0258-5D1A-0000-001001490200}
ProcessId: 2236
Image: C:\Windows\system32\svchost.exe
TargetObject: HKLM\SOFTWARE\Microsoft\EnterpriseCertificates\Root\Certificates","2019-07-01T14:57:01.000+0200",,Win10,main,22,"//_::_\r=--/\r=--\r=\r=\r=\r=..\r=\r=---\r=\r=_____(:_)\r=\r=\r","WinEventLog:Microsoft-Windows-Sysmon/Operational","WinEventLog:Microsoft-Windows-Sysmon/Operational","WIN-RCSL2HMR26K",,,
"Win10.nebula.local",12,"4
CreateKey","C:\Windows\system32\svchost.exe",None,"Microsoft-Windows-Sysmon/Operational","Registry object added or deleted:
RuleName: technique_id=T1130,technique_name=Install Root Certificate
EventType: CreateKey
UtcTime: 2019-07-01 12:57:00.964
ProcessGuid: {27E0225F-0258-5D1A-0000-001001490200}
ProcessId: 2236
Image: C:\Windows\system32\svchost.exe
TargetObject: HKLM\SOFTWARE\Policies\Microsoft\SystemCertificates\Root\Certificates",Info,"{27E0225F-0258-5D1A-0000-001001490200}",2236,323391,"technique_id=T1130,technique_name=Install Root Certificate","S-1-5-18",0,"Microsoft-Windows-Sysmon","HKLM\SOFTWARE\Policies\Microsoft\SystemCertificates\Root\Certificates","Registry object added or deleted (rule: RegistryEvent)",Information,"NOT_TRANSLATED","2019-07-01 12:57:00.964","07/01/2019 02:57:01 PM
LogName=Microsoft-Windows-Sysmon/Operational
SourceName=Microsoft-Windows-Sysmon
EventCode=12
EventType=4
Type=Information
ComputerName=Win10.nebula.local
User=NOT_TRANSLATED
Sid=S-1-5-18
SidType=0
TaskCategory=Registry object added or deleted (rule: RegistryEvent)
OpCode=Info
RecordNumber=323391
Keywords=None
Message=Registry object added or deleted:
RuleName: technique_id=T1130,technique_name=Install Root Certificate
EventType: CreateKey
UtcTime: 2019-07-01 12:57:00.964
ProcessGuid: {27E0225F-0258-5D1A-0000-001001490200}
ProcessId: 2236
Image: C:\Windows\system32\svchost.exe
TargetObject: HKLM\SOFTWARE\Policies\Microsoft\SystemCertificates\Root\Certificates","2019-07-01T14:57:01.000+0200",,Win10,main,22,"//_::_\r=--/\r=--\r=\r=\r=\r=..\r=\r=---\r=\r=_____(:_)\r=\r=\r","WinEventLog:Microsoft-Windows-Sysmon/Operational","WinEventLog:Microsoft-Windows-Sysmon/Operational","WIN-RCSL2HMR26K",,,
"Win10.nebula.local",12,"4
CreateKey","C:\Windows\system32\svchost.exe",None,"Microsoft-Windows-Sysmon/Operational","Registry object added or deleted:
RuleName: technique_id=T1130,technique_name=Install Root Certificate
EventType: CreateKey
UtcTime: 2019-07-01 12:57:00.964
ProcessGuid: {27E0225F-0258-5D1A-0000-001001490200}
ProcessId: 2236
Image: C:\Windows\system32\svchost.exe
TargetObject: HKLM\SOFTWARE\Microsoft\SystemCertificates\ROOT\Certificates",Info,"{27E0225F-0258-5D1A-0000-001001490200}",2236,323390,"technique_id=T1130,technique_name=Install Root Certificate","S-1-5-18",0,"Microsoft-Windows-Sysmon","HKLM\SOFTWARE\Microsoft\SystemCertificates\ROOT\Certificates","Registry object added or deleted (rule: RegistryEvent)",Information,"NOT_TRANSLATED","2019-07-01 12:57:00.964","07/01/2019 02:57:01 PM
LogName=Microsoft-Windows-Sysmon/Operational
SourceName=Microsoft-Windows-Sysmon
EventCode=12
EventType=4
Type=Information
ComputerName=Win10.nebula.local
User=NOT_TRANSLATED
Sid=S-1-5-18
SidType=0
TaskCategory=Registry object added or deleted (rule: RegistryEvent)
OpCode=Info
RecordNumber=323390
Keywords=None
Message=Registry object added or deleted:
RuleName: technique_id=T1130,technique_name=Install Root Certificate
EventType: CreateKey
UtcTime: 2019-07-01 12:57:00.964
ProcessGuid: {27E0225F-0258-5D1A-0000-001001490200}
ProcessId: 2236
Image: C:\Windows\system32\svchost.exe
TargetObject: HKLM\SOFTWARE\Microsoft\SystemCertificates\ROOT\Certificates","2019-07-01T14:57:01.000+0200",,Win10,main,22,"//_::_\r=--/\r=--\r=\r=\r=\r=..\r=\r=---\r=\r=_____(:_)\r=\r=\r","WinEventLog:Microsoft-Windows-Sysmon/Operational","WinEventLog:Microsoft-Windows-Sysmon/Operational","WIN-RCSL2HMR26K",,,
"Win10.nebula.local",12,"4
CreateKey","C:\Program Files\McAfee\Agent\x86\McTray.exe",None,"Microsoft-Windows-Sysmon/Operational","Registry object added or deleted:
RuleName: technique_id=T1130,technique_name=Install Root Certificate
EventType: CreateKey
UtcTime: 2019-07-01 12:56:38.132
ProcessGuid: {27E0225F-0303-5D1A-0000-00106E2A1300}
ProcessId: 7780
Image: C:\Program Files\McAfee\Agent\x86\McTray.exe
TargetObject: HKU\S-1-5-21-735301703-1408452038-2426828691-1001\Software\Microsoft\SystemCertificates\Root\Certificates",Info,"{27E0225F-0303-5D1A-0000-00106E2A1300}",7780,323272,"technique_id=T1130,technique_name=Install Root Certificate","S-1-5-18",0,"Microsoft-Windows-Sysmon","HKU\S-1-5-21-735301703-1408452038-2426828691-1001\Software\Microsoft\SystemCertificates\Root\Certificates","Registry object added or deleted (rule: RegistryEvent)",Information,"NOT_TRANSLATED","2019-07-01 12:56:38.132","07/01/2019 02:56:38 PM
LogName=Microsoft-Windows-Sysmon/Operational
SourceName=Microsoft-Windows-Sysmon
EventCode=12
EventType=4
Type=Information
ComputerName=Win10.nebula.local
User=NOT_TRANSLATED
Sid=S-1-5-18
SidType=0
TaskCategory=Registry object added or deleted (rule: RegistryEvent)
OpCode=Info
RecordNumber=323272
Keywords=None
Message=Registry object added or deleted:
RuleName: technique_id=T1130,technique_name=Install Root Certificate
EventType: CreateKey
UtcTime: 2019-07-01 12:56:38.132
ProcessGuid: {27E0225F-0303-5D1A-0000-00106E2A1300}
ProcessId: 7780
Image: C:\Program Files\McAfee\Agent\x86\McTray.exe
TargetObject: HKU\S-1-5-21-735301703-1408452038-2426828691-1001\Software\Microsoft\SystemCertificates\Root\Certificates","2019-07-01T14:56:38.000+0200",,Win10,main,22,"//_::_\r=--/\r=--\r=\r=\r=\r=..\r=\r=---\r=\r=_____(:_)\r=\r=\r","WinEventLog:Microsoft-Windows-Sysmon/Operational","WinEventLog:Microsoft-Windows-Sysmon/Operational","WIN-RCSL2HMR26K",,,
"Win10.nebula.local",12,"4
CreateKey","C:\Windows\system32\mfevtps.exe",None,"Microsoft-Windows-Sysmon/Operational","Registry object added or deleted:
RuleName: technique_id=T1130,technique_name=Install Root Certificate
EventType: CreateKey
UtcTime: 2019-07-01 12:56:35.679
ProcessGuid: {27E0225F-0303-5D1A-0000-001003151300}
ProcessId: 7216
Image: C:\Windows\system32\mfevtps.exe
TargetObject: HKLM\SOFTWARE\Microsoft\EnterpriseCertificates\Root\Certificates",Info,"{27E0225F-0303-5D1A-0000-001003151300}",7216,323244,"technique_id=T1130,technique_name=Install Root Certificate","S-1-5-18",0,"Microsoft-Windows-Sysmon","HKLM\SOFTWARE\Microsoft\EnterpriseCertificates\Root\Certificates","Registry object added or deleted (rule: RegistryEvent)",Information,"NOT_TRANSLATED","2019-07-01 12:56:35.679","07/01/2019 02:56:35 PM
LogName=Microsoft-Windows-Sysmon/Operational
SourceName=Microsoft-Windows-Sysmon
EventCode=12
EventType=4
Type=Information
ComputerName=Win10.nebula.local
User=NOT_TRANSLATED
Sid=S-1-5-18
SidType=0
TaskCategory=Registry object added or deleted (rule: RegistryEvent)
OpCode=Info
RecordNumber=323244
Keywords=None
Message=Registry object added or deleted:
RuleName: technique_id=T1130,technique_name=Install Root Certificate
EventType: CreateKey
UtcTime: 2019-07-01 12:56:35.679
ProcessGuid: {27E0225F-0303-5D1A-0000-001003151300}
ProcessId: 7216
Image: C:\Windows\system32\mfevtps.exe
TargetObject: HKLM\SOFTWARE\Microsoft\EnterpriseCertificates\Root\Certificates","2019-07-01T14:56:35.000+0200",,Win10,main,22,"//_::_\r=--/\r=--\r=\r=\r=\r=..\r=\r=---\r=\r=_____(:_)\r=\r=\r","WinEventLog:Microsoft-Windows-Sysmon/Operational","WinEventLog:Microsoft-Windows-Sysmon/Operational","WIN-RCSL2HMR26K",,,
"Win10.nebula.local",12,"4
CreateKey","C:\Windows\system32\mfevtps.exe",None,"Microsoft-Windows-Sysmon/Operational","Registry object added or deleted:
RuleName: technique_id=T1130,technique_name=Install Root Certificate
EventType: CreateKey
UtcTime: 2019-07-01 12:56:35.679
ProcessGuid: {27E0225F-0303-5D1A-0000-001003151300}
ProcessId: 7216
Image: C:\Windows\system32\mfevtps.exe
TargetObject: HKLM\SOFTWARE\Policies\Microsoft\SystemCertificates\Root\Certificates",Info,"{27E0225F-0303-5D1A-0000-001003151300}",7216,323243,"technique_id=T1130,technique_name=Install Root Certificate","S-1-5-18",0,"Microsoft-Windows-Sysmon","HKLM\SOFTWARE\Policies\Microsoft\SystemCertificates\Root\Certificates","Registry object added or deleted (rule: RegistryEvent)",Information,"NOT_TRANSLATED","2019-07-01 12:56:35.679","07/01/2019 02:56:35 PM
LogName=Microsoft-Windows-Sysmon/Operational
SourceName=Microsoft-Windows-Sysmon
EventCode=12
EventType=4
Type=Information
ComputerName=Win10.nebula.local
User=NOT_TRANSLATED
Sid=S-1-5-18
SidType=0
TaskCategory=Registry object added or deleted (rule: RegistryEvent)
OpCode=Info
RecordNumber=323243
Keywords=None
Message=Registry object added or deleted:
RuleName: technique_id=T1130,technique_name=Install Root Certificate
EventType: CreateKey
UtcTime: 2019-07-01 12:56:35.679
ProcessGuid: {27E0225F-0303-5D1A-0000-001003151300}
ProcessId: 7216
Image: C:\Windows\system32\mfevtps.exe
TargetObject: HKLM\SOFTWARE\Policies\Microsoft\SystemCertificates\Root\Certificates","2019-07-01T14:56:35.000+0200",,Win10,main,22,"//_::_\r=--/\r=--\r=\r=\r=\r=..\r=\r=---\r=\r=_____(:_)\r=\r=\r","WinEventLog:Microsoft-Windows-Sysmon/Operational","WinEventLog:Microsoft-Windows-Sysmon/Operational","WIN-RCSL2HMR26K",,,
"Win10.nebula.local",12,"4
CreateKey","C:\Windows\system32\mfevtps.exe",None,"Microsoft-Windows-Sysmon/Operational","Registry object added or deleted:
RuleName: technique_id=T1130,technique_name=Install Root Certificate
EventType: CreateKey
UtcTime: 2019-07-01 12:56:35.679
ProcessGuid: {27E0225F-0303-5D1A-0000-001003151300}
ProcessId: 7216
Image: C:\Windows\system32\mfevtps.exe
TargetObject: HKLM\SOFTWARE\Microsoft\SystemCertificates\ROOT\Certificates",Info,"{27E0225F-0303-5D1A-0000-001003151300}",7216,323242,"technique_id=T1130,technique_name=Install Root Certificate","S-1-5-18",0,"Microsoft-Windows-Sysmon","HKLM\SOFTWARE\Microsoft\SystemCertificates\ROOT\Certificates","Registry object added or deleted (rule: RegistryEvent)",Information,"NOT_TRANSLATED","2019-07-01 12:56:35.679","07/01/2019 02:56:35 PM
LogName=Microsoft-Windows-Sysmon/Operational
SourceName=Microsoft-Windows-Sysmon
EventCode=12
EventType=4
Type=Information
ComputerName=Win10.nebula.local
User=NOT_TRANSLATED
Sid=S-1-5-18
SidType=0
TaskCategory=Registry object added or deleted (rule: RegistryEvent)
OpCode=Info
RecordNumber=323242
Keywords=None
Message=Registry object added or deleted:
RuleName: technique_id=T1130,technique_name=Install Root Certificate
EventType: CreateKey
UtcTime: 2019-07-01 12:56:35.679
ProcessGuid: {27E0225F-0303-5D1A-0000-001003151300}
ProcessId: 7216
Image: C:\Windows\system32\mfevtps.exe
TargetObject: HKLM\SOFTWARE\Microsoft\SystemCertificates\ROOT\Certificates","2019-07-01T14:56:35.000+0200",,Win10,main,22,"//_::_\r=--/\r=--\r=\r=\r=\r=..\r=\r=---\r=\r=_____(:_)\r=\r=\r","WinEventLog:Microsoft-Windows-Sysmon/Operational","WinEventLog:Microsoft-Windows-Sysmon/Operational","WIN-RCSL2HMR26K",,,
"Win10.nebula.local",12,"4
CreateKey","C:\Windows\system32\mfevtps.exe",None,"Microsoft-Windows-Sysmon/Operational","Registry object added or deleted:
RuleName: technique_id=T1130,technique_name=Install Root Certificate
EventType: CreateKey
UtcTime: 2019-07-01 12:56:35.679
ProcessGuid: {27E0225F-0303-5D1A-0000-001003151300}
ProcessId: 7216
Image: C:\Windows\system32\mfevtps.exe
TargetObject: HKU\.DEFAULT\Software\Microsoft\SystemCertificates\Root\Certificates",Info,"{27E0225F-0303-5D1A-0000-001003151300}",7216,323241,"technique_id=T1130,technique_name=Install Root Certificate","S-1-5-18",0,"Microsoft-Windows-Sysmon","HKU\.DEFAULT\Software\Microsoft\SystemCertificates\Root\Certificates","Registry object added or deleted (rule: RegistryEvent)",Information,"NOT_TRANSLATED","2019-07-01 12:56:35.679","07/01/2019 02:56:35 PM
LogName=Microsoft-Windows-Sysmon/Operational
SourceName=Microsoft-Windows-Sysmon
EventCode=12
EventType=4
Type=Information
ComputerName=Win10.nebula.local
User=NOT_TRANSLATED
Sid=S-1-5-18
SidType=0
TaskCategory=Registry object added or deleted (rule: RegistryEvent)
OpCode=Info
RecordNumber=323241
Keywords=None
Message=Registry object added or deleted:
RuleName: technique_id=T1130,technique_name=Install Root Certificate
EventType: CreateKey
UtcTime: 2019-07-01 12:56:35.679
ProcessGuid: {27E0225F-0303-5D1A-0000-001003151300}
ProcessId: 7216
Image: C:\Windows\system32\mfevtps.exe
TargetObject: HKU\.DEFAULT\Software\Microsoft\SystemCertificates\Root\Certificates","2019-07-01T14:56:35.000+0200",,Win10,main,22,"//_::_\r=--/\r=--\r=\r=\r=\r=..\r=\r=---\r=\r=_____(:_)\r=\r=\r","WinEventLog:Microsoft-Windows-Sysmon/Operational","WinEventLog:Microsoft-Windows-Sysmon/Operational","WIN-RCSL2HMR26K",,,
"Win10.nebula.local",12,"4
CreateKey","C:\Program Files\McAfee\Agent\x86\UpdaterUI.exe",None,"Microsoft-Windows-Sysmon/Operational","Registry object added or deleted:
RuleName: technique_id=T1130,technique_name=Install Root Certificate
EventType: CreateKey
UtcTime: 2019-07-01 12:56:30.834
ProcessGuid: {27E0225F-02FE-5D1A-0000-0010FE991200}
ProcessId: 7488
Image: C:\Program Files\McAfee\Agent\x86\UpdaterUI.exe
TargetObject: HKU\S-1-5-21-735301703-1408452038-2426828691-1001\Software\Microsoft\SystemCertificates\Root\Certificates",Info,"{27E0225F-02FE-5D1A-0000-0010FE991200}",7488,323168,"technique_id=T1130,technique_name=Install Root Certificate","S-1-5-18",0,"Microsoft-Windows-Sysmon","HKU\S-1-5-21-735301703-1408452038-2426828691-1001\Software\Microsoft\SystemCertificates\Root\Certificates","Registry object added or deleted (rule: RegistryEvent)",Information,"NOT_TRANSLATED","2019-07-01 12:56:30.834","07/01/2019 02:56:30 PM
LogName=Microsoft-Windows-Sysmon/Operational
SourceName=Microsoft-Windows-Sysmon
EventCode=12
EventType=4
Type=Information
ComputerName=Win10.nebula.local
User=NOT_TRANSLATED
Sid=S-1-5-18
SidType=0
TaskCategory=Registry object added or deleted (rule: RegistryEvent)
OpCode=Info
RecordNumber=323168
Keywords=None
Message=Registry object added or deleted:
RuleName: technique_id=T1130,technique_name=Install Root Certificate
EventType: CreateKey
UtcTime: 2019-07-01 12:56:30.834
ProcessGuid: {27E0225F-02FE-5D1A-0000-0010FE991200}
ProcessId: 7488
Image: C:\Program Files\McAfee\Agent\x86\UpdaterUI.exe
TargetObject: HKU\S-1-5-21-735301703-1408452038-2426828691-1001\Software\Microsoft\SystemCertificates\Root\Certificates","2019-07-01T14:56:30.000+0200",,Win10,main,22,"//_::_\r=--/\r=--\r=\r=\r=\r=..\r=\r=---\r=\r=_____(:_)\r=\r=\r","WinEventLog:Microsoft-Windows-Sysmon/Operational","WinEventLog:Microsoft-Windows-Sysmon/Operational","WIN-RCSL2HMR26K",,,
"Win10.nebula.local",12,"4
CreateKey","C:\Windows\system32\svchost.exe",None,"Microsoft-Windows-Sysmon/Operational","Registry object added or deleted:
RuleName: technique_id=T1130,technique_name=Install Root Certificate
EventType: CreateKey
UtcTime: 2019-07-01 12:56:12.238
ProcessGuid: {27E0225F-0258-5D1A-0000-001001490200}
ProcessId: 2236
Image: C:\Windows\system32\svchost.exe
TargetObject: HKLM\SOFTWARE\Microsoft\EnterpriseCertificates\Root\Certificates",Info,"{27E0225F-0258-5D1A-0000-001001490200}",2236,323110,"technique_id=T1130,technique_name=Install Root Certificate","S-1-5-18",0,"Microsoft-Windows-Sysmon","HKLM\SOFTWARE\Microsoft\EnterpriseCertificates\Root\Certificates","Registry object added or deleted (rule: RegistryEvent)",Information,"NOT_TRANSLATED","2019-07-01 12:56:12.238","07/01/2019 02:56:12 PM
LogName=Microsoft-Windows-Sysmon/Operational
SourceName=Microsoft-Windows-Sysmon
EventCode=12
EventType=4
Type=Information
ComputerName=Win10.nebula.local
User=NOT_TRANSLATED
Sid=S-1-5-18
SidType=0
TaskCategory=Registry object added or deleted (rule: RegistryEvent)
OpCode=Info
RecordNumber=323110
Keywords=None
Message=Registry object added or deleted:
RuleName: technique_id=T1130,technique_name=Install Root Certificate
EventType: CreateKey
UtcTime: 2019-07-01 12:56:12.238
ProcessGuid: {27E0225F-0258-5D1A-0000-001001490200}
ProcessId: 2236
Image: C:\Windows\system32\svchost.exe
TargetObject: HKLM\SOFTWARE\Microsoft\EnterpriseCertificates\Root\Certificates","2019-07-01T14:56:12.000+0200",,Win10,main,22,"//_::_\r=--/\r=--\r=\r=\r=\r=..\r=\r=---\r=\r=_____(:_)\r=\r=\r","WinEventLog:Microsoft-Windows-Sysmon/Operational","WinEventLog:Microsoft-Windows-Sysmon/Operational","WIN-RCSL2HMR26K",,,
"Win10.nebula.local",12,"4
CreateKey","C:\Windows\system32\svchost.exe",None,"Microsoft-Windows-Sysmon/Operational","Registry object added or deleted:
RuleName: technique_id=T1130,technique_name=Install Root Certificate
EventType: CreateKey
UtcTime: 2019-07-01 12:56:12.238
ProcessGuid: {27E0225F-0258-5D1A-0000-001001490200}
ProcessId: 2236
Image: C:\Windows\system32\svchost.exe
TargetObject: HKLM\SOFTWARE\Policies\Microsoft\SystemCertificates\Root\Certificates",Info,"{27E0225F-0258-5D1A-0000-001001490200}",2236,323109,"technique_id=T1130,technique_name=Install Root Certificate","S-1-5-18",0,"Microsoft-Windows-Sysmon","HKLM\SOFTWARE\Policies\Microsoft\SystemCertificates\Root\Certificates","Registry object added or deleted (rule: RegistryEvent)",Information,"NOT_TRANSLATED","2019-07-01 12:56:12.238","07/01/2019 02:56:12 PM
LogName=Microsoft-Windows-Sysmon/Operational
SourceName=Microsoft-Windows-Sysmon
EventCode=12
EventType=4
Type=Information
ComputerName=Win10.nebula.local
User=NOT_TRANSLATED
Sid=S-1-5-18
SidType=0
TaskCategory=Registry object added or deleted (rule: RegistryEvent)
OpCode=Info
RecordNumber=323109
Keywords=None
Message=Registry object added or deleted:
RuleName: technique_id=T1130,technique_name=Install Root Certificate
EventType: CreateKey
UtcTime: 2019-07-01 12:56:12.238
ProcessGuid: {27E0225F-0258-5D1A-0000-001001490200}
ProcessId: 2236
Image: C:\Windows\system32\svchost.exe
TargetObject: HKLM\SOFTWARE\Policies\Microsoft\SystemCertificates\Root\Certificates","2019-07-01T14:56:12.000+0200",,Win10,main,22,"//_::_\r=--/\r=--\r=\r=\r=\r=..\r=\r=---\r=\r=_____(:_)\r=\r=\r","WinEventLog:Microsoft-Windows-Sysmon/Operational","WinEventLog:Microsoft-Windows-Sysmon/Operational","WIN-RCSL2HMR26K",,,
"Win10.nebula.local",12,"4
CreateKey","C:\Windows\system32\svchost.exe",None,"Microsoft-Windows-Sysmon/Operational","Registry object added or deleted:
RuleName: technique_id=T1130,technique_name=Install Root Certificate
EventType: CreateKey
UtcTime: 2019-07-01 12:56:12.238
ProcessGuid: {27E0225F-0258-5D1A-0000-001001490200}
ProcessId: 2236
Image: C:\Windows\system32\svchost.exe
TargetObject: HKLM\SOFTWARE\Microsoft\SystemCertificates\ROOT\Certificates",Info,"{27E0225F-0258-5D1A-0000-001001490200}",2236,323108,"technique_id=T1130,technique_name=Install Root Certificate","S-1-5-18",0,"Microsoft-Windows-Sysmon","HKLM\SOFTWARE\Microsoft\SystemCertificates\ROOT\Certificates","Registry object added or deleted (rule: RegistryEvent)",Information,"NOT_TRANSLATED","2019-07-01 12:56:12.238","07/01/2019 02:56:12 PM
LogName=Microsoft-Windows-Sysmon/Operational
SourceName=Microsoft-Windows-Sysmon
EventCode=12
EventType=4
Type=Information
ComputerName=Win10.nebula.local
User=NOT_TRANSLATED
Sid=S-1-5-18
SidType=0
TaskCategory=Registry object added or deleted (rule: RegistryEvent)
OpCode=Info
RecordNumber=323108
Keywords=None
Message=Registry object added or deleted:
RuleName: technique_id=T1130,technique_name=Install Root Certificate
EventType: CreateKey
UtcTime: 2019-07-01 12:56:12.238
ProcessGuid: {27E0225F-0258-5D1A-0000-001001490200}
ProcessId: 2236
Image: C:\Windows\system32\svchost.exe
TargetObject: HKLM\SOFTWARE\Microsoft\SystemCertificates\ROOT\Certificates","2019-07-01T14:56:12.000+0200",,Win10,main,22,"//_::_\r=--/\r=--\r=\r=\r=\r=..\r=\r=---\r=\r=_____(:_)\r=\r=\r","WinEventLog:Microsoft-Windows-Sysmon/Operational","WinEventLog:Microsoft-Windows-Sysmon/Operational","WIN-RCSL2HMR26K",,,
"Win10.nebula.local",12,"4
CreateKey","C:\Windows\System32\Wbem\WMIC.exe",None,"Microsoft-Windows-Sysmon/Operational","Registry object added or deleted:
RuleName: technique_id=T1130,technique_name=Install Root Certificate
EventType: CreateKey
UtcTime: 2019-07-01 12:56:03.017
ProcessGuid: {27E0225F-02AB-5D1A-0000-0010B91F0A00}
ProcessId: 3420
Image: C:\Windows\System32\Wbem\WMIC.exe
TargetObject: HKLM\SOFTWARE\Microsoft\EnterpriseCertificates\Root\Certificates",Info,"{27E0225F-02AB-5D1A-0000-0010B91F0A00}",3420,323077,"technique_id=T1130,technique_name=Install Root Certificate","S-1-5-18",0,"Microsoft-Windows-Sysmon","HKLM\SOFTWARE\Microsoft\EnterpriseCertificates\Root\Certificates","Registry object added or deleted (rule: RegistryEvent)",Information,"NOT_TRANSLATED","2019-07-01 12:56:03.017","07/01/2019 02:56:03 PM
LogName=Microsoft-Windows-Sysmon/Operational
SourceName=Microsoft-Windows-Sysmon
EventCode=12
EventType=4
Type=Information
ComputerName=Win10.nebula.local
User=NOT_TRANSLATED
Sid=S-1-5-18
SidType=0
TaskCategory=Registry object added or deleted (rule: RegistryEvent)
OpCode=Info
RecordNumber=323077
Keywords=None
Message=Registry object added or deleted:
RuleName: technique_id=T1130,technique_name=Install Root Certificate
EventType: CreateKey
UtcTime: 2019-07-01 12:56:03.017
ProcessGuid: {27E0225F-02AB-5D1A-0000-0010B91F0A00}
ProcessId: 3420
Image: C:\Windows\System32\Wbem\WMIC.exe
TargetObject: HKLM\SOFTWARE\Microsoft\EnterpriseCertificates\Root\Certificates","2019-07-01T14:56:03.000+0200",,Win10,main,22,"//_::_\r=--/\r=--\r=\r=\r=\r=..\r=\r=---\r=\r=_____(:_)\r=\r=\r","WinEventLog:Microsoft-Windows-Sysmon/Operational","WinEventLog:Microsoft-Windows-Sysmon/Operational","WIN-RCSL2HMR26K",,,
"Win10.nebula.local",12,"4
CreateKey","C:\Windows\System32\Wbem\WMIC.exe",None,"Microsoft-Windows-Sysmon/Operational","Registry object added or deleted:
RuleName: technique_id=T1130,technique_name=Install Root Certificate
EventType: CreateKey
UtcTime: 2019-07-01 12:56:02.642
ProcessGuid: {27E0225F-02AB-5D1A-0000-0010B91F0A00}
ProcessId: 3420
Image: C:\Windows\System32\Wbem\WMIC.exe
TargetObject: HKLM\SOFTWARE\Policies\Microsoft\SystemCertificates\Root\Certificates",Info,"{27E0225F-02AB-5D1A-0000-0010B91F0A00}",3420,323065,"technique_id=T1130,technique_name=Install Root Certificate","S-1-5-18",0,"Microsoft-Windows-Sysmon","HKLM\SOFTWARE\Policies\Microsoft\SystemCertificates\Root\Certificates","Registry object added or deleted (rule: RegistryEvent)",Information,"NOT_TRANSLATED","2019-07-01 12:56:02.642","07/01/2019 02:56:02 PM
LogName=Microsoft-Windows-Sysmon/Operational
SourceName=Microsoft-Windows-Sysmon
EventCode=12
EventType=4
Type=Information
ComputerName=Win10.nebula.local
User=NOT_TRANSLATED
Sid=S-1-5-18
SidType=0
TaskCategory=Registry object added or deleted (rule: RegistryEvent)
OpCode=Info
RecordNumber=323065
Keywords=None
Message=Registry object added or deleted:
RuleName: technique_id=T1130,technique_name=Install Root Certificate
EventType: CreateKey
UtcTime: 2019-07-01 12:56:02.642
ProcessGuid: {27E0225F-02AB-5D1A-0000-0010B91F0A00}
ProcessId: 3420
Image: C:\Windows\System32\Wbem\WMIC.exe
TargetObject: HKLM\SOFTWARE\Policies\Microsoft\SystemCertificates\Root\Certificates","2019-07-01T14:56:02.000+0200",,Win10,main,22,"//_::_\r=--/\r=--\r=\r=\r=\r=..\r=\r=---\r=\r=_____(:_)\r=\r=\r","WinEventLog:Microsoft-Windows-Sysmon/Operational","WinEventLog:Microsoft-Windows-Sysmon/Operational","WIN-RCSL2HMR26K",,,
"Win10.nebula.local",12,"4
CreateKey","C:\Windows\System32\Wbem\WMIC.exe",None,"Microsoft-Windows-Sysmon/Operational","Registry object added or deleted:
RuleName: technique_id=T1130,technique_name=Install Root Certificate
EventType: CreateKey
UtcTime: 2019-07-01 12:56:02.642
ProcessGuid: {27E0225F-02AB-5D1A-0000-0010B91F0A00}
ProcessId: 3420
Image: C:\Windows\System32\Wbem\WMIC.exe
TargetObject: HKLM\SOFTWARE\Microsoft\SystemCertificates\ROOT\Certificates",Info,"{27E0225F-02AB-5D1A-0000-0010B91F0A00}",3420,323064,"technique_id=T1130,technique_name=Install Root Certificate","S-1-5-18",0,"Microsoft-Windows-Sysmon","HKLM\SOFTWARE\Microsoft\SystemCertificates\ROOT\Certificates","Registry object added or deleted (rule: RegistryEvent)",Information,"NOT_TRANSLATED","2019-07-01 12:56:02.642","07/01/2019 02:56:02 PM
LogName=Microsoft-Windows-Sysmon/Operational
SourceName=Microsoft-Windows-Sysmon
EventCode=12
EventType=4
Type=Information
ComputerName=Win10.nebula.local
User=NOT_TRANSLATED
Sid=S-1-5-18
SidType=0
TaskCategory=Registry object added or deleted (rule: RegistryEvent)
OpCode=Info
RecordNumber=323064
Keywords=None
Message=Registry object added or deleted:
RuleName: technique_id=T1130,technique_name=Install Root Certificate
EventType: CreateKey
UtcTime: 2019-07-01 12:56:02.642
ProcessGuid: {27E0225F-02AB-5D1A-0000-0010B91F0A00}
ProcessId: 3420
Image: C:\Windows\System32\Wbem\WMIC.exe
TargetObject: HKLM\SOFTWARE\Microsoft\SystemCertificates\ROOT\Certificates","2019-07-01T14:56:02.000+0200",,Win10,main,22,"//_::_\r=--/\r=--\r=\r=\r=\r=..\r=\r=---\r=\r=_____(:_)\r=\r=\r","WinEventLog:Microsoft-Windows-Sysmon/Operational","WinEventLog:Microsoft-Windows-Sysmon/Operational","WIN-RCSL2HMR26K",,,
"Win10.nebula.local",12,"4
CreateKey","C:\Windows\System32\Wbem\WMIC.exe",None,"Microsoft-Windows-Sysmon/Operational","Registry object added or deleted:
RuleName: technique_id=T1130,technique_name=Install Root Certificate
EventType: CreateKey
UtcTime: 2019-07-01 12:56:02.642
ProcessGuid: {27E0225F-02AB-5D1A-0000-0010B91F0A00}
ProcessId: 3420
Image: C:\Windows\System32\Wbem\WMIC.exe
TargetObject: HKU\.DEFAULT\Software\Microsoft\SystemCertificates\Root\Certificates",Info,"{27E0225F-02AB-5D1A-0000-0010B91F0A00}",3420,323063,"technique_id=T1130,technique_name=Install Root Certificate","S-1-5-18",0,"Microsoft-Windows-Sysmon","HKU\.DEFAULT\Software\Microsoft\SystemCertificates\Root\Certificates","Registry object added or deleted (rule: RegistryEvent)",Information,"NOT_TRANSLATED","2019-07-01 12:56:02.642","07/01/2019 02:56:02 PM
LogName=Microsoft-Windows-Sysmon/Operational
SourceName=Microsoft-Windows-Sysmon
EventCode=12
EventType=4
Type=Information
ComputerName=Win10.nebula.local
User=NOT_TRANSLATED
Sid=S-1-5-18
SidType=0
TaskCategory=Registry object added or deleted (rule: RegistryEvent)
OpCode=Info
RecordNumber=323063
Keywords=None
Message=Registry object added or deleted:
RuleName: technique_id=T1130,technique_name=Install Root Certificate
EventType: CreateKey
UtcTime: 2019-07-01 12:56:02.642
ProcessGuid: {27E0225F-02AB-5D1A-0000-0010B91F0A00}
ProcessId: 3420
Image: C:\Windows\System32\Wbem\WMIC.exe
TargetObject: HKU\.DEFAULT\Software\Microsoft\SystemCertificates\Root\Certificates","2019-07-01T14:56:02.000+0200",,Win10,main,22,"//_::_\r=--/\r=--\r=\r=\r=\r=..\r=\r=---\r=\r=_____(:_)\r=\r=\r","WinEventLog:Microsoft-Windows-Sysmon/Operational","WinEventLog:Microsoft-Windows-Sysmon/Operational","WIN-RCSL2HMR26K",,,
"Win10.nebula.local",12,"4
CreateKey","C:\Windows\system32\svchost.exe",None,"Microsoft-Windows-Sysmon/Operational","Registry object added or deleted:
RuleName: technique_id=T1130,technique_name=Install Root Certificate
EventType: CreateKey
UtcTime: 2019-07-01 12:55:37.950
ProcessGuid: {27E0225F-0258-5D1A-0000-001001490200}
ProcessId: 2236
Image: C:\Windows\system32\svchost.exe
TargetObject: HKLM\SOFTWARE\Microsoft\EnterpriseCertificates\Root\Certificates",Info,"{27E0225F-0258-5D1A-0000-001001490200}",2236,322968,"technique_id=T1130,technique_name=Install Root Certificate","S-1-5-18",0,"Microsoft-Windows-Sysmon","HKLM\SOFTWARE\Microsoft\EnterpriseCertificates\Root\Certificates","Registry object added or deleted (rule: RegistryEvent)",Information,"NOT_TRANSLATED","2019-07-01 12:55:37.950","07/01/2019 02:55:38 PM
LogName=Microsoft-Windows-Sysmon/Operational
SourceName=Microsoft-Windows-Sysmon
EventCode=12
EventType=4
Type=Information
ComputerName=Win10.nebula.local
User=NOT_TRANSLATED
Sid=S-1-5-18
SidType=0
TaskCategory=Registry object added or deleted (rule: RegistryEvent)
OpCode=Info
RecordNumber=322968
Keywords=None
Message=Registry object added or deleted:
RuleName: technique_id=T1130,technique_name=Install Root Certificate
EventType: CreateKey
UtcTime: 2019-07-01 12:55:37.950
ProcessGuid: {27E0225F-0258-5D1A-0000-001001490200}
ProcessId: 2236
Image: C:\Windows\system32\svchost.exe
TargetObject: HKLM\SOFTWARE\Microsoft\EnterpriseCertificates\Root\Certificates","2019-07-01T14:55:38.000+0200",,Win10,main,22,"//_::_\r=--/\r=--\r=\r=\r=\r=..\r=\r=---\r=\r=_____(:_)\r=\r=\r","WinEventLog:Microsoft-Windows-Sysmon/Operational","WinEventLog:Microsoft-Windows-Sysmon/Operational","WIN-RCSL2HMR26K",,,
"Win10.nebula.local",12,"4
CreateKey","C:\Windows\system32\svchost.exe",None,"Microsoft-Windows-Sysmon/Operational","Registry object added or deleted:
RuleName: technique_id=T1130,technique_name=Install Root Certificate
EventType: CreateKey
UtcTime: 2019-07-01 12:55:37.934
ProcessGuid: {27E0225F-0258-5D1A-0000-001001490200}
ProcessId: 2236
Image: C:\Windows\system32\svchost.exe
TargetObject: HKLM\SOFTWARE\Policies\Microsoft\SystemCertificates\Root\Certificates",Info,"{27E0225F-0258-5D1A-0000-001001490200}",2236,322967,"technique_id=T1130,technique_name=Install Root Certificate","S-1-5-18",0,"Microsoft-Windows-Sysmon","HKLM\SOFTWARE\Policies\Microsoft\SystemCertificates\Root\Certificates","Registry object added or deleted (rule: RegistryEvent)",Information,"NOT_TRANSLATED","2019-07-01 12:55:37.934","07/01/2019 02:55:38 PM
LogName=Microsoft-Windows-Sysmon/Operational
SourceName=Microsoft-Windows-Sysmon
EventCode=12
EventType=4
Type=Information
ComputerName=Win10.nebula.local
User=NOT_TRANSLATED
Sid=S-1-5-18
SidType=0
TaskCategory=Registry object added or deleted (rule: RegistryEvent)
OpCode=Info
RecordNumber=322967
Keywords=None
Message=Registry object added or deleted:
RuleName: technique_id=T1130,technique_name=Install Root Certificate
EventType: CreateKey
UtcTime: 2019-07-01 12:55:37.934
ProcessGuid: {27E0225F-0258-5D1A-0000-001001490200}
ProcessId: 2236
Image: C:\Windows\system32\svchost.exe
TargetObject: HKLM\SOFTWARE\Policies\Microsoft\SystemCertificates\Root\Certificates","2019-07-01T14:55:38.000+0200",,Win10,main,22,"//_::_\r=--/\r=--\r=\r=\r=\r=..\r=\r=---\r=\r=_____(:_)\r=\r=\r","WinEventLog:Microsoft-Windows-Sysmon/Operational","WinEventLog:Microsoft-Windows-Sysmon/Operational","WIN-RCSL2HMR26K",,,
"Win10.nebula.local",12,"4
CreateKey","C:\Windows\system32\svchost.exe",None,"Microsoft-Windows-Sysmon/Operational","Registry object added or deleted:
RuleName: technique_id=T1130,technique_name=Install Root Certificate
EventType: CreateKey
UtcTime: 2019-07-01 12:55:37.934
ProcessGuid: {27E0225F-0258-5D1A-0000-001001490200}
ProcessId: 2236
Image: C:\Windows\system32\svchost.exe
TargetObject: HKLM\SOFTWARE\Microsoft\SystemCertificates\ROOT\Certificates",Info,"{27E0225F-0258-5D1A-0000-001001490200}",2236,322966,"technique_id=T1130,technique_name=Install Root Certificate","S-1-5-18",0,"Microsoft-Windows-Sysmon","HKLM\SOFTWARE\Microsoft\SystemCertificates\ROOT\Certificates","Registry object added or deleted (rule: RegistryEvent)",Information,"NOT_TRANSLATED","2019-07-01 12:55:37.934","07/01/2019 02:55:38 PM
LogName=Microsoft-Windows-Sysmon/Operational
SourceName=Microsoft-Windows-Sysmon
EventCode=12
EventType=4
Type=Information
ComputerName=Win10.nebula.local
User=NOT_TRANSLATED
Sid=S-1-5-18
SidType=0
TaskCategory=Registry object added or deleted (rule: RegistryEvent)
OpCode=Info
RecordNumber=322966
Keywords=None
Message=Registry object added or deleted:
RuleName: technique_id=T1130,technique_name=Install Root Certificate
EventType: CreateKey
UtcTime: 2019-07-01 12:55:37.934
ProcessGuid: {27E0225F-0258-5D1A-0000-001001490200}
ProcessId: 2236
Image: C:\Windows\system32\svchost.exe
TargetObject: HKLM\SOFTWARE\Microsoft\SystemCertificates\ROOT\Certificates","2019-07-01T14:55:38.000+0200",,Win10,main,22,"//_::_\r=--/\r=--\r=\r=\r=\r=..\r=\r=---\r=\r=_____(:_)\r=\r=\r","WinEventLog:Microsoft-Windows-Sysmon/Operational","WinEventLog:Microsoft-Windows-Sysmon/Operational","WIN-RCSL2HMR26K",,,
"Win10.nebula.local",12,"4
CreateKey","C:\Windows\system32\svchost.exe",None,"Microsoft-Windows-Sysmon/Operational","Registry object added or deleted:
RuleName: technique_id=T1130,technique_name=Install Root Certificate
EventType: CreateKey
UtcTime: 2019-07-01 12:55:37.356
ProcessGuid: {27E0225F-0258-5D1A-0000-001001490200}
ProcessId: 2236
Image: C:\Windows\system32\svchost.exe
TargetObject: HKLM\SOFTWARE\Microsoft\EnterpriseCertificates\Root\Certificates",Info,"{27E0225F-0258-5D1A-0000-001001490200}",2236,322961,"technique_id=T1130,technique_name=Install Root Certificate","S-1-5-18",0,"Microsoft-Windows-Sysmon","HKLM\SOFTWARE\Microsoft\EnterpriseCertificates\Root\Certificates","Registry object added or deleted (rule: RegistryEvent)",Information,"NOT_TRANSLATED","2019-07-01 12:55:37.356","07/01/2019 02:55:37 PM
LogName=Microsoft-Windows-Sysmon/Operational
SourceName=Microsoft-Windows-Sysmon
EventCode=12
EventType=4
Type=Information
ComputerName=Win10.nebula.local
User=NOT_TRANSLATED
Sid=S-1-5-18
SidType=0
TaskCategory=Registry object added or deleted (rule: RegistryEvent)
OpCode=Info
RecordNumber=322961
Keywords=None
Message=Registry object added or deleted:
RuleName: technique_id=T1130,technique_name=Install Root Certificate
EventType: CreateKey
UtcTime: 2019-07-01 12:55:37.356
ProcessGuid: {27E0225F-0258-5D1A-0000-001001490200}
ProcessId: 2236
Image: C:\Windows\system32\svchost.exe
TargetObject: HKLM\SOFTWARE\Microsoft\EnterpriseCertificates\Root\Certificates","2019-07-01T14:55:37.000+0200",,Win10,main,22,"//_::_\r=--/\r=--\r=\r=\r=\r=..\r=\r=---\r=\r=_____(:_)\r=\r=\r","WinEventLog:Microsoft-Windows-Sysmon/Operational","WinEventLog:Microsoft-Windows-Sysmon/Operational","WIN-RCSL2HMR26K",,,
"Win10.nebula.local",12,"4
CreateKey","C:\Windows\system32\svchost.exe",None,"Microsoft-Windows-Sysmon/Operational","Registry object added or deleted:
RuleName: technique_id=T1130,technique_name=Install Root Certificate
EventType: CreateKey
UtcTime: 2019-07-01 12:55:37.356
ProcessGuid: {27E0225F-0258-5D1A-0000-001001490200}
ProcessId: 2236
Image: C:\Windows\system32\svchost.exe
TargetObject: HKLM\SOFTWARE\Policies\Microsoft\SystemCertificates\Root\Certificates",Info,"{27E0225F-0258-5D1A-0000-001001490200}",2236,322960,"technique_id=T1130,technique_name=Install Root Certificate","S-1-5-18",0,"Microsoft-Windows-Sysmon","HKLM\SOFTWARE\Policies\Microsoft\SystemCertificates\Root\Certificates","Registry object added or deleted (rule: RegistryEvent)",Information,"NOT_TRANSLATED","2019-07-01 12:55:37.356","07/01/2019 02:55:37 PM
LogName=Microsoft-Windows-Sysmon/Operational
SourceName=Microsoft-Windows-Sysmon
EventCode=12
EventType=4
Type=Information
ComputerName=Win10.nebula.local
User=NOT_TRANSLATED
Sid=S-1-5-18
SidType=0
TaskCategory=Registry object added or deleted (rule: RegistryEvent)
OpCode=Info
RecordNumber=322960
Keywords=None
Message=Registry object added or deleted:
RuleName: technique_id=T1130,technique_name=Install Root Certificate
EventType: CreateKey
UtcTime: 2019-07-01 12:55:37.356
ProcessGuid: {27E0225F-0258-5D1A-0000-001001490200}
ProcessId: 2236
Image: C:\Windows\system32\svchost.exe
TargetObject: HKLM\SOFTWARE\Policies\Microsoft\SystemCertificates\Root\Certificates","2019-07-01T14:55:37.000+0200",,Win10,main,22,"//_::_\r=--/\r=--\r=\r=\r=\r=..\r=\r=---\r=\r=_____(:_)\r=\r=\r","WinEventLog:Microsoft-Windows-Sysmon/Operational","WinEventLog:Microsoft-Windows-Sysmon/Operational","WIN-RCSL2HMR26K",,,
"Win10.nebula.local",12,"4
CreateKey","C:\Windows\system32\svchost.exe",None,"Microsoft-Windows-Sysmon/Operational","Registry object added or deleted:
RuleName: technique_id=T1130,technique_name=Install Root Certificate
EventType: CreateKey
UtcTime: 2019-07-01 12:55:37.356
ProcessGuid: {27E0225F-0258-5D1A-0000-001001490200}
ProcessId: 2236
Image: C:\Windows\system32\svchost.exe
TargetObject: HKLM\SOFTWARE\Microsoft\SystemCertificates\ROOT\Certificates",Info,"{27E0225F-0258-5D1A-0000-001001490200}",2236,322959,"technique_id=T1130,technique_name=Install Root Certificate","S-1-5-18",0,"Microsoft-Windows-Sysmon","HKLM\SOFTWARE\Microsoft\SystemCertificates\ROOT\Certificates","Registry object added or deleted (rule: RegistryEvent)",Information,"NOT_TRANSLATED","2019-07-01 12:55:37.356","07/01/2019 02:55:37 PM
LogName=Microsoft-Windows-Sysmon/Operational
SourceName=Microsoft-Windows-Sysmon
EventCode=12
EventType=4
Type=Information
ComputerName=Win10.nebula.local
User=NOT_TRANSLATED
Sid=S-1-5-18
SidType=0
TaskCategory=Registry object added or deleted (rule: RegistryEvent)
OpCode=Info
RecordNumber=322959
Keywords=None
Message=Registry object added or deleted:
RuleName: technique_id=T1130,technique_name=Install Root Certificate
EventType: CreateKey
UtcTime: 2019-07-01 12:55:37.356
ProcessGuid: {27E0225F-0258-5D1A-0000-001001490200}
ProcessId: 2236
Image: C:\Windows\system32\svchost.exe
TargetObject: HKLM\SOFTWARE\Microsoft\SystemCertificates\ROOT\Certificates","2019-07-01T14:55:37.000+0200",,Win10,main,22,"//_::_\r=--/\r=--\r=\r=\r=\r=..\r=\r=---\r=\r=_____(:_)\r=\r=\r","WinEventLog:Microsoft-Windows-Sysmon/Operational","WinEventLog:Microsoft-Windows-Sysmon/Operational","WIN-RCSL2HMR26K",,,
"Win10.nebula.local",12,"4
CreateKey","C:\Windows\system32\svchost.exe",None,"Microsoft-Windows-Sysmon/Operational","Registry object added or deleted:
RuleName: technique_id=T1130,technique_name=Install Root Certificate
EventType: CreateKey
UtcTime: 2019-07-01 12:55:32.636
ProcessGuid: {27E0225F-0258-5D1A-0000-001001490200}
ProcessId: 2236
Image: C:\Windows\system32\svchost.exe
TargetObject: HKLM\SOFTWARE\Microsoft\EnterpriseCertificates\Root\Certificates",Info,"{27E0225F-0258-5D1A-0000-001001490200}",2236,322933,"technique_id=T1130,technique_name=Install Root Certificate","S-1-5-18",0,"Microsoft-Windows-Sysmon","HKLM\SOFTWARE\Microsoft\EnterpriseCertificates\Root\Certificates","Registry object added or deleted (rule: RegistryEvent)",Information,"NOT_TRANSLATED","2019-07-01 12:55:32.636","07/01/2019 02:55:32 PM
LogName=Microsoft-Windows-Sysmon/Operational
SourceName=Microsoft-Windows-Sysmon
EventCode=12
EventType=4
Type=Information
